\BOOKMARK [1][-]{poem.1}{Vi kan ikke li'}{}% 1
\BOOKMARK [1][-]{poem.2}{Bobbelsortering}{}% 2
\BOOKMARK [1][-]{poem.3}{function fib\(n\)}{}% 3
\BOOKMARK [1][-]{poem.4}{Faster than Light}{}% 4
\BOOKMARK [1][-]{poem.5}{Koder Kapitalen}{}% 5
\BOOKMARK [1][-]{poem.6}{Doktrinen}{}% 6
\BOOKMARK [1][-]{poem.7}{Ode til bacon}{}% 7
\BOOKMARK [1][-]{poem.8}{Server'n er Crashed}{}% 8
\BOOKMARK [1][-]{poem.9}{Lad det gro}{}% 9
\BOOKMARK [1][-]{poem.10}{Spas i Waders}{}% 10
\BOOKMARK [1][-]{poem.11}{Fag Facisme}{}% 11
\BOOKMARK [1][-]{poem.12}{Fulbert og Beatrice}{}% 12
\BOOKMARK [1][-]{poem.13}{diff}{}% 13
\BOOKMARK [1][-]{poem.14}{Humanist}{}% 14
\BOOKMARK [1][-]{poem.15}{Drop Nu Ud}{}% 15
\BOOKMARK [1][-]{poem.16}{Linieskriverdriversangen}{}% 16
\BOOKMARK [1][-]{poem.17}{Minken Mink}{}% 17
\BOOKMARK [1][-]{poem.18}{Q.E.D.}{}% 18
\BOOKMARK [1][-]{poem.19}{Koder Hele Natten}{}% 19
\BOOKMARK [1][-]{poem.20}{Jeg vil l\346se *}{}% 20
\BOOKMARK [1][-]{poem.21}{Jobs\370gning}{}% 21
\BOOKMARK [1][-]{poem.22}{Facebookevents}{}% 22
\BOOKMARK [1][-]{poem.23}{Kvantepartiklen}{}% 23
\BOOKMARK [1][-]{poem.24}{Internetdiskurs}{}% 24
\BOOKMARK [1][-]{poem.25}{Afrundingsfejl}{}% 25
\BOOKMARK [1][-]{poem.26}{Hvad har du lavet p\345 din datamat?}{}% 26
\BOOKMARK [1][-]{poem.27}{Forever DIKU}{}% 27
\BOOKMARK [1][-]{poem.28}{Thinkpad T40}{}% 28
\BOOKMARK [1][-]{poem.29}{Smukke ting ved mat'matik}{}% 29
\BOOKMARK [1][-]{poem.30}{Hjemmehackeriet}{}% 30
\BOOKMARK [1][-]{poem.31}{Jeg er en matematiker fra HC\330}{}% 31
\BOOKMARK [1][-]{poem.32}{Integralsangen}{}% 32
\BOOKMARK [1][-]{poem.33}{Der er et \370lrigt land}{}% 33
\BOOKMARK [1][-]{poem.34}{Bust'ed}{}% 34
\BOOKMARK [1][-]{poem.35}{-kalkylen}{}% 35
\BOOKMARK [1][-]{poem.36}{M\345lteorisangen}{}% 36
\BOOKMARK [1][-]{poem.37}{Ode til Analyse 1}{}% 37
\BOOKMARK [1][-]{poem.38}{Livstr\346et}{}% 38
\BOOKMARK [1][-]{poem.39}{-sangen}{}% 39
\BOOKMARK [1][-]{poem.40}{Sortsnak}{}% 40
\BOOKMARK [1][-]{poem.41}{Doom Doom}{}% 41
\BOOKMARK [1][-]{poem.42}{I Morgen er Verden Vor}{}% 42
\BOOKMARK [1][-]{poem.43}{DAT62\(1/2\)80 Slagsang}{}% 43
\BOOKMARK [1][-]{poem.44}{V\345benfysik}{}% 44
\BOOKMARK [1][-]{poem.45}{Kvanter i m\345neskin}{}% 45
\BOOKMARK [1][-]{poem.46}{Den kanoniske matematikersang}{}% 46
\BOOKMARK [1][-]{poem.47}{Jeg' en n\370rd}{}% 47
\BOOKMARK [1][-]{poem.48}{Hvem Sidder Der Ved Sk\346rmen}{}% 48
\BOOKMARK [1][-]{poem.49}{Hvem sidder foran sk\346rmen}{}% 49
\BOOKMARK [1][-]{poem.50}{S\345 spiller vi spil}{}% 50
\BOOKMARK [1][-]{poem.51}{Biologiske V\345ben}{}% 51
\BOOKMARK [1][-]{poem.52}{Terminalsangen}{}% 52
\BOOKMARK [1][-]{poem.53}{Steve Hawking}{}% 53
\BOOKMARK [1][-]{poem.54}{Censor Baby}{}% 54
\BOOKMARK [1][-]{poem.55}{N\345r Jeg Kloner Min Kat}{}% 55
\BOOKMARK [1][-]{poem.56}{\305h, Maple}{}% 56
\BOOKMARK [1][-]{poem.57}{Jeg har set en rigtig .*}{}% 57
\BOOKMARK [1][-]{poem.58}{Finite Simple Group \(of order two\)}{}% 58
\BOOKMARK [1][-]{poem.59}{Hvad skal vi TeX'e i nat?}{}% 59
\BOOKMARK [1][-]{poem.60}{TeX'e-sangen}{}% 60
\BOOKMARK [1][-]{poem.61}{Mat'matik}{}% 61
\BOOKMARK [1][-]{poem.62}{En ringe historie}{}% 62
\BOOKMARK [1][-]{poem.63}{Forever kvant}{}% 63
