This is pdfTeX, Version 3.1415926-2.4-1.40.13 (MiKTeX 2.9) (preloaded format=pdflatex 2013.7.23)  23 JUL 2015 20:28
entering extended mode
**C:/Users/Sofie/Documents/UNF/CSC/Sanghæfte/MatCamp2014-sanghaefte-booklet.te
x

(C:/Users/Sofie/Documents/UNF/CSC/Sanghæfte/MatCamp2014-sanghaefte-booklet.tex
LaTeX2e <2011/06/27>
Babel <v3.8m> and hyphenation patterns for english, afrikaans, ancientgreek, ar
abic, armenian, assamese, basque, bengali, bokmal, bulgarian, catalan, coptic, 
croatian, czech, danish, dutch, esperanto, estonian, farsi, finnish, french, ga
lician, german, german-x-2012-05-30, greek, gujarati, hindi, hungarian, iceland
ic, indonesian, interlingua, irish, italian, kannada, kurmanji, latin, latvian,
 lithuanian, malayalam, marathi, mongolian, mongolianlmc, monogreek, ngerman, n
german-x-2012-05-30, nynorsk, oriya, panjabi, pinyin, polish, portuguese, roman
ian, russian, sanskrit, serbian, slovak, slovenian, spanish, swedish, swissgerm
an, tamil, telugu, turkish, turkmen, ukenglish, ukrainian, uppersorbian, usengl
ishmax, welsh, loaded.
(C:\Users\Sofie\Development\MiKTeX\tex\latex\base\article.cls
Document Class: article 2007/10/19 v1.4h Standard LaTeX document class
(C:\Users\Sofie\Development\MiKTeX\tex\latex\base\size10.clo
File: size10.clo 2007/10/19 v1.4h Standard LaTeX file (size option)
)
\c@part=\count79
\c@section=\count80
\c@subsection=\count81
\c@subsubsection=\count82
\c@paragraph=\count83
\c@subparagraph=\count84
\c@figure=\count85
\c@table=\count86
\abovecaptionskip=\skip41
\belowcaptionskip=\skip42
\bibindent=\dimen102
)
(C:\Users\Sofie\Development\MiKTeX\tex\latex\pdfpages\pdfpages.sty
Package: pdfpages 2015/06/15 v0.4y Insert pages of external PDF documents (AM)

(C:\Users\Sofie\Development\MiKTeX\tex\latex\base\ifthen.sty
Package: ifthen 2001/05/26 v1.1c Standard LaTeX ifthen package (DPC)
)
(C:\Users\Sofie\Development\MiKTeX\tex\latex\tools\calc.sty
Package: calc 2007/08/22 v4.3 Infix arithmetic (KKT,FJ)
\calc@Acount=\count87
\calc@Bcount=\count88
\calc@Adimen=\dimen103
\calc@Bdimen=\dimen104
\calc@Askip=\skip43
\calc@Bskip=\skip44
LaTeX Info: Redefining \setlength on input line 76.
LaTeX Info: Redefining \addtolength on input line 77.
\calc@Ccount=\count89
\calc@Cskip=\skip45
)
(C:\Users\Sofie\Development\MiKTeX\tex\latex\eso-pic\eso-pic.sty
Package: eso-pic 2013/10/06 v2.0d eso-pic (RN)

(C:\Users\Sofie\Development\MiKTeX\tex\generic\oberdiek\atbegshi.sty
Package: atbegshi 2011/10/05 v1.16 At begin shipout hook (HO)

(C:\Users\Sofie\Development\MiKTeX\tex\generic\oberdiek\infwarerr.sty
Package: infwarerr 2010/04/08 v1.3 Providing info/warning/error messages (HO)
)
(C:\Users\Sofie\Development\MiKTeX\tex\generic\oberdiek\ltxcmds.sty
Package: ltxcmds 2011/11/09 v1.22 LaTeX kernel commands for general use (HO)
)
(C:\Users\Sofie\Development\MiKTeX\tex\generic\oberdiek\ifpdf.sty
Package: ifpdf 2011/01/30 v2.3 Provides the ifpdf switch (HO)
Package ifpdf Info: pdfTeX in PDF mode is detected.
))
(C:\Users\Sofie\Development\MiKTeX\tex\latex\graphics\keyval.sty
Package: keyval 1999/03/16 v1.13 key=value parser (DPC)
\KV@toks@=\toks14
)
(C:\Users\Sofie\Development\MiKTeX\tex\latex\xcolor\xcolor.sty
Package: xcolor 2007/01/21 v2.11 LaTeX color extensions (UK)

(C:\Users\Sofie\Development\MiKTeX\tex\latex\00miktex\color.cfg
File: color.cfg 2007/01/18 v1.5 color configuration of teTeX/TeXLive
)
Package xcolor Info: Driver file: pdftex.def on input line 225.

(C:\Users\Sofie\Development\MiKTeX\tex\latex\pdftex-def\pdftex.def
File: pdftex.def 2011/05/27 v0.06d Graphics/color for pdfTeX
\Gread@gobject=\count90
)
Package xcolor Info: Model `cmy' substituted by `cmy0' on input line 1337.
Package xcolor Info: Model `hsb' substituted by `rgb' on input line 1341.
Package xcolor Info: Model `RGB' extended on input line 1353.
Package xcolor Info: Model `HTML' substituted by `rgb' on input line 1355.
Package xcolor Info: Model `Hsb' substituted by `hsb' on input line 1356.
Package xcolor Info: Model `tHsb' substituted by `hsb' on input line 1357.
Package xcolor Info: Model `HSB' substituted by `hsb' on input line 1358.
Package xcolor Info: Model `Gray' substituted by `gray' on input line 1359.
Package xcolor Info: Model `wave' substituted by `hsb' on input line 1360.
))
(C:\Users\Sofie\Development\MiKTeX\tex\latex\graphics\graphicx.sty
Package: graphicx 1999/02/16 v1.0f Enhanced LaTeX Graphics (DPC,SPQR)

(C:\Users\Sofie\Development\MiKTeX\tex\latex\graphics\graphics.sty
Package: graphics 2009/02/05 v1.0o Standard LaTeX Graphics (DPC,SPQR)

(C:\Users\Sofie\Development\MiKTeX\tex\latex\graphics\trig.sty
Package: trig 1999/03/16 v1.09 sin cos tan (DPC)
)
(C:\Users\Sofie\Development\MiKTeX\tex\latex\00miktex\graphics.cfg
File: graphics.cfg 2007/01/18 v1.5 graphics configuration of teTeX/TeXLive
)
Package graphics Info: Driver file: pdftex.def on input line 91.
)
\Gin@req@height=\dimen105
\Gin@req@width=\dimen106
)
\AM@pagewidth=\dimen107
\AM@pageheight=\dimen108

(C:\Users\Sofie\Development\MiKTeX\tex\latex\pdfpages\pppdftex.def
File: pppdftex.def 2015/06/15 v0.4y Pdfpages driver for pdfTeX (AM)
)
(C:\Users\Sofie\Development\MiKTeX\tex\latex\oberdiek\pdflscape.sty
Package: pdflscape 2008/08/11 v0.10 Display of landscape pages in PDF (HO)

(C:\Users\Sofie\Development\MiKTeX\tex\latex\graphics\lscape.sty
Package: lscape 2000/10/22 v3.01 Landscape Pages (DPC)
)
Package pdflscape Info: Auto-detected driver: pdftex on input line 80.

(C:\Users\Sofie\Development\MiKTeX\tex\generic\ifxetex\ifxetex.sty
Package: ifxetex 2010/09/12 v0.6 Provides ifxetex conditional
))
\AM@pagebox=\box26
\AM@toc@title=\toks15
\c@AM@survey=\count91
\AM@templatesizebox=\box27
)
(C:\Users\Sofie\Documents\UNF\CSC\Sanghæfte\MatCamp2014-sanghaefte-booklet.aux
)
LaTeX Font Info:    Checking defaults for OML/cmm/m/it on input line 5.
LaTeX Font Info:    ... okay on input line 5.
LaTeX Font Info:    Checking defaults for T1/cmr/m/n on input line 5.
LaTeX Font Info:    ... okay on input line 5.
LaTeX Font Info:    Checking defaults for OT1/cmr/m/n on input line 5.
LaTeX Font Info:    ... okay on input line 5.
LaTeX Font Info:    Checking defaults for OMS/cmsy/m/n on input line 5.
LaTeX Font Info:    ... okay on input line 5.
LaTeX Font Info:    Checking defaults for OMX/cmex/m/n on input line 5.
LaTeX Font Info:    ... okay on input line 5.
LaTeX Font Info:    Checking defaults for U/cmr/m/n on input line 5.
LaTeX Font Info:    ... okay on input line 5.
\AtBeginShipoutBox=\box28
 (C:\Users\Sofie\Development\MiKTeX\tex\context\base\supp-pdf.mkii
[Loading MPS to PDF converter (version 2006.09.02).]
\scratchcounter=\count92
\scratchdimen=\dimen109
\scratchbox=\box29
\nofMPsegments=\count93
\nofMParguments=\count94
\everyMPshowfont=\toks16
\MPscratchCnt=\count95
\MPscratchDim=\dimen110
\MPnumerator=\count96
\makeMPintoPDFobject=\count97
\everyMPtoPDFconversion=\toks17
) <MatCamp2014-sanghaefte.pdf, id=1, 597.50829pt x 845.0471pt>
File: MatCamp2014-sanghaefte.pdf Graphic file (type pdf)

<use MatCamp2014-sanghaefte.pdf>
Package pdftex.def Info: MatCamp2014-sanghaefte.pdf used on input line 7.
(pdftex.def)             Requested size: 597.50682pt x 845.04504pt.
File: MatCamp2014-sanghaefte.pdf Graphic file (type pdf)
 <use MatCamp2014-sanghaefte.pdf>
Package pdftex.def Info: MatCamp2014-sanghaefte.pdf used on input line 7.
(pdftex.def)             Requested size: 597.50682pt x 845.04504pt.

<MatCamp2014-sanghaefte.pdf, id=4, page=48, 597.50829pt x 845.0471pt>
File: MatCamp2014-sanghaefte.pdf Graphic file (type pdf)

<use MatCamp2014-sanghaefte.pdf, page 48>
Package pdftex.def Info: MatCamp2014-sanghaefte.pdf, page48 used on input line 
7.
(pdftex.def)             Requested size: 597.50682pt x 845.04504pt.
File: MatCamp2014-sanghaefte.pdf Graphic file (type pdf)

<use MatCamp2014-sanghaefte.pdf, page 48>
Package pdftex.def Info: MatCamp2014-sanghaefte.pdf, page48 used on input line 
7.
(pdftex.def)             Requested size: 422.50157pt x 597.53772pt.
File: MatCamp2014-sanghaefte.pdf Graphic file (type pdf)

<use MatCamp2014-sanghaefte.pdf, page 48>
Package pdftex.def Info: MatCamp2014-sanghaefte.pdf, page48 used on input line 
7.
(pdftex.def)             Requested size: 422.50157pt x 597.53772pt.
File: MatCamp2014-sanghaefte.pdf Graphic file (type pdf)

<use MatCamp2014-sanghaefte.pdf, page 48>
Package pdftex.def Info: MatCamp2014-sanghaefte.pdf, page48 used on input line 
7.
(pdftex.def)             Requested size: 422.50157pt x 597.53772pt.

<MatCamp2014-sanghaefte.pdf, id=5, page=1, 597.50829pt x 845.0471pt>
File: MatCamp2014-sanghaefte.pdf Graphic file (type pdf)

<use MatCamp2014-sanghaefte.pdf, page 1>
Package pdftex.def Info: MatCamp2014-sanghaefte.pdf, page1 used on input line 7
.
(pdftex.def)             Requested size: 422.50157pt x 597.53772pt.
File: MatCamp2014-sanghaefte.pdf Graphic file (type pdf)

<use MatCamp2014-sanghaefte.pdf, page 1>
Package pdftex.def Info: MatCamp2014-sanghaefte.pdf, page1 used on input line 7
.
(pdftex.def)             Requested size: 422.50157pt x 597.53772pt.

<MatCamp2014-sanghaefte.pdf, id=6, page=47, 597.50829pt x 845.0471pt>
File: MatCamp2014-sanghaefte.pdf Graphic file (type pdf)

<use MatCamp2014-sanghaefte.pdf, page 47>
Package pdftex.def Info: MatCamp2014-sanghaefte.pdf, page47 used on input line 
7.
(pdftex.def)             Requested size: 422.50157pt x 597.53772pt.
File: MatCamp2014-sanghaefte.pdf Graphic file (type pdf)

<use MatCamp2014-sanghaefte.pdf, page 47>
Package pdftex.def Info: MatCamp2014-sanghaefte.pdf, page47 used on input line 
7.
(pdftex.def)             Requested size: 422.50157pt x 597.53772pt.
File: MatCamp2014-sanghaefte.pdf Graphic file (type pdf)

<use MatCamp2014-sanghaefte.pdf, page 48>
Package pdftex.def Info: MatCamp2014-sanghaefte.pdf, page48 used on input line 
7.
(pdftex.def)             Requested size: 422.50157pt x 597.53772pt.
File: MatCamp2014-sanghaefte.pdf Graphic file (type pdf)

<use MatCamp2014-sanghaefte.pdf, page 1>
Package pdftex.def Info: MatCamp2014-sanghaefte.pdf, page1 used on input line 7
.
(pdftex.def)             Requested size: 422.50157pt x 597.53772pt.
 [1

 <C:/Users/Sofie/Documents/UNF/CSC/Sanghæfte/MatCamp2014-sanghaefte.pdf{C:/Use
rs/Sofie/AppData/Local/MiKTeX/2.9/pdftex/config/pdftex.map}> <C:/Users/Sofie/Do
cuments/UNF/CSC/Sanghæfte/MatCamp2014-sanghaefte.pdf>]
<MatCamp2014-sanghaefte.pdf, id=44, page=2, 597.50829pt x 845.0471pt>
File: MatCamp2014-sanghaefte.pdf Graphic file (type pdf)

<use MatCamp2014-sanghaefte.pdf, page 2>
Package pdftex.def Info: MatCamp2014-sanghaefte.pdf, page2 used on input line 7
.
(pdftex.def)             Requested size: 422.50157pt x 597.53772pt.
File: MatCamp2014-sanghaefte.pdf Graphic file (type pdf)

<use MatCamp2014-sanghaefte.pdf, page 2>
Package pdftex.def Info: MatCamp2014-sanghaefte.pdf, page2 used on input line 7
.
(pdftex.def)             Requested size: 422.50157pt x 597.53772pt.

<MatCamp2014-sanghaefte.pdf, id=45, page=46, 597.50829pt x 845.0471pt>
File: MatCamp2014-sanghaefte.pdf Graphic file (type pdf)

<use MatCamp2014-sanghaefte.pdf, page 46>
Package pdftex.def Info: MatCamp2014-sanghaefte.pdf, page46 used on input line 
7.
(pdftex.def)             Requested size: 422.50157pt x 597.53772pt.
File: MatCamp2014-sanghaefte.pdf Graphic file (type pdf)

<use MatCamp2014-sanghaefte.pdf, page 46>
Package pdftex.def Info: MatCamp2014-sanghaefte.pdf, page46 used on input line 
7.
(pdftex.def)             Requested size: 422.50157pt x 597.53772pt.
File: MatCamp2014-sanghaefte.pdf Graphic file (type pdf)

<use MatCamp2014-sanghaefte.pdf, page 47>
Package pdftex.def Info: MatCamp2014-sanghaefte.pdf, page47 used on input line 
7.
(pdftex.def)             Requested size: 422.50157pt x 597.53772pt.
File: MatCamp2014-sanghaefte.pdf Graphic file (type pdf)

<use MatCamp2014-sanghaefte.pdf, page 2>
Package pdftex.def Info: MatCamp2014-sanghaefte.pdf, page2 used on input line 7
.
(pdftex.def)             Requested size: 422.50157pt x 597.53772pt.
 [2 <C:/Users/Sofie/Documents/UNF/CSC/Sanghæfte/MatCamp2014-sanghaefte.pdf> <C
:/Users/Sofie/Documents/UNF/CSC/Sanghæfte/MatCamp2014-sanghaefte.pdf>]
<MatCamp2014-sanghaefte.pdf, id=49, page=3, 597.50829pt x 845.0471pt>
File: MatCamp2014-sanghaefte.pdf Graphic file (type pdf)

<use MatCamp2014-sanghaefte.pdf, page 3>
Package pdftex.def Info: MatCamp2014-sanghaefte.pdf, page3 used on input line 7
.
(pdftex.def)             Requested size: 422.50157pt x 597.53772pt.
File: MatCamp2014-sanghaefte.pdf Graphic file (type pdf)

<use MatCamp2014-sanghaefte.pdf, page 3>
Package pdftex.def Info: MatCamp2014-sanghaefte.pdf, page3 used on input line 7
.
(pdftex.def)             Requested size: 422.50157pt x 597.53772pt.

<MatCamp2014-sanghaefte.pdf, id=50, page=45, 597.50829pt x 845.0471pt>
File: MatCamp2014-sanghaefte.pdf Graphic file (type pdf)

<use MatCamp2014-sanghaefte.pdf, page 45>
Package pdftex.def Info: MatCamp2014-sanghaefte.pdf, page45 used on input line 
7.
(pdftex.def)             Requested size: 422.50157pt x 597.53772pt.
File: MatCamp2014-sanghaefte.pdf Graphic file (type pdf)

<use MatCamp2014-sanghaefte.pdf, page 45>
Package pdftex.def Info: MatCamp2014-sanghaefte.pdf, page45 used on input line 
7.
(pdftex.def)             Requested size: 422.50157pt x 597.53772pt.
File: MatCamp2014-sanghaefte.pdf Graphic file (type pdf)

<use MatCamp2014-sanghaefte.pdf, page 46>
Package pdftex.def Info: MatCamp2014-sanghaefte.pdf, page46 used on input line 
7.
(pdftex.def)             Requested size: 422.50157pt x 597.53772pt.
File: MatCamp2014-sanghaefte.pdf Graphic file (type pdf)

<use MatCamp2014-sanghaefte.pdf, page 3>
Package pdftex.def Info: MatCamp2014-sanghaefte.pdf, page3 used on input line 7
.
(pdftex.def)             Requested size: 422.50157pt x 597.53772pt.
 [3 <C:/Users/Sofie/Documents/UNF/CSC/Sanghæfte/MatCamp2014-sanghaefte.pdf> <C
:/Users/Sofie/Documents/UNF/CSC/Sanghæfte/MatCamp2014-sanghaefte.pdf>]
<MatCamp2014-sanghaefte.pdf, id=64, page=4, 597.50829pt x 845.0471pt>
File: MatCamp2014-sanghaefte.pdf Graphic file (type pdf)

<use MatCamp2014-sanghaefte.pdf, page 4>
Package pdftex.def Info: MatCamp2014-sanghaefte.pdf, page4 used on input line 7
.
(pdftex.def)             Requested size: 422.50157pt x 597.53772pt.
File: MatCamp2014-sanghaefte.pdf Graphic file (type pdf)

<use MatCamp2014-sanghaefte.pdf, page 4>
Package pdftex.def Info: MatCamp2014-sanghaefte.pdf, page4 used on input line 7
.
(pdftex.def)             Requested size: 422.50157pt x 597.53772pt.

<MatCamp2014-sanghaefte.pdf, id=65, page=44, 597.50829pt x 845.0471pt>
File: MatCamp2014-sanghaefte.pdf Graphic file (type pdf)

<use MatCamp2014-sanghaefte.pdf, page 44>
Package pdftex.def Info: MatCamp2014-sanghaefte.pdf, page44 used on input line 
7.
(pdftex.def)             Requested size: 422.50157pt x 597.53772pt.
File: MatCamp2014-sanghaefte.pdf Graphic file (type pdf)

<use MatCamp2014-sanghaefte.pdf, page 44>
Package pdftex.def Info: MatCamp2014-sanghaefte.pdf, page44 used on input line 
7.
(pdftex.def)             Requested size: 422.50157pt x 597.53772pt.
File: MatCamp2014-sanghaefte.pdf Graphic file (type pdf)

<use MatCamp2014-sanghaefte.pdf, page 45>
Package pdftex.def Info: MatCamp2014-sanghaefte.pdf, page45 used on input line 
7.
(pdftex.def)             Requested size: 422.50157pt x 597.53772pt.
File: MatCamp2014-sanghaefte.pdf Graphic file (type pdf)

<use MatCamp2014-sanghaefte.pdf, page 4>
Package pdftex.def Info: MatCamp2014-sanghaefte.pdf, page4 used on input line 7
.
(pdftex.def)             Requested size: 422.50157pt x 597.53772pt.
 [4 <C:/Users/Sofie/Documents/UNF/CSC/Sanghæfte/MatCamp2014-sanghaefte.pdf> <C
:/Users/Sofie/Documents/UNF/CSC/Sanghæfte/MatCamp2014-sanghaefte.pdf>]
<MatCamp2014-sanghaefte.pdf, id=69, page=5, 597.50829pt x 845.0471pt>
File: MatCamp2014-sanghaefte.pdf Graphic file (type pdf)

<use MatCamp2014-sanghaefte.pdf, page 5>
Package pdftex.def Info: MatCamp2014-sanghaefte.pdf, page5 used on input line 7
.
(pdftex.def)             Requested size: 422.50157pt x 597.53772pt.
File: MatCamp2014-sanghaefte.pdf Graphic file (type pdf)

<use MatCamp2014-sanghaefte.pdf, page 5>
Package pdftex.def Info: MatCamp2014-sanghaefte.pdf, page5 used on input line 7
.
(pdftex.def)             Requested size: 422.50157pt x 597.53772pt.

<MatCamp2014-sanghaefte.pdf, id=70, page=43, 597.50829pt x 845.0471pt>
File: MatCamp2014-sanghaefte.pdf Graphic file (type pdf)

<use MatCamp2014-sanghaefte.pdf, page 43>
Package pdftex.def Info: MatCamp2014-sanghaefte.pdf, page43 used on input line 
7.
(pdftex.def)             Requested size: 422.50157pt x 597.53772pt.
File: MatCamp2014-sanghaefte.pdf Graphic file (type pdf)

<use MatCamp2014-sanghaefte.pdf, page 43>
Package pdftex.def Info: MatCamp2014-sanghaefte.pdf, page43 used on input line 
7.
(pdftex.def)             Requested size: 422.50157pt x 597.53772pt.
File: MatCamp2014-sanghaefte.pdf Graphic file (type pdf)

<use MatCamp2014-sanghaefte.pdf, page 44>
Package pdftex.def Info: MatCamp2014-sanghaefte.pdf, page44 used on input line 
7.
(pdftex.def)             Requested size: 422.50157pt x 597.53772pt.
File: MatCamp2014-sanghaefte.pdf Graphic file (type pdf)

<use MatCamp2014-sanghaefte.pdf, page 5>
Package pdftex.def Info: MatCamp2014-sanghaefte.pdf, page5 used on input line 7
.
(pdftex.def)             Requested size: 422.50157pt x 597.53772pt.
 [5 <C:/Users/Sofie/Documents/UNF/CSC/Sanghæfte/MatCamp2014-sanghaefte.pdf> <C
:/Users/Sofie/Documents/UNF/CSC/Sanghæfte/MatCamp2014-sanghaefte.pdf>]
<MatCamp2014-sanghaefte.pdf, id=89, page=6, 597.50829pt x 845.0471pt>
File: MatCamp2014-sanghaefte.pdf Graphic file (type pdf)

<use MatCamp2014-sanghaefte.pdf, page 6>
Package pdftex.def Info: MatCamp2014-sanghaefte.pdf, page6 used on input line 7
.
(pdftex.def)             Requested size: 422.50157pt x 597.53772pt.
File: MatCamp2014-sanghaefte.pdf Graphic file (type pdf)

<use MatCamp2014-sanghaefte.pdf, page 6>
Package pdftex.def Info: MatCamp2014-sanghaefte.pdf, page6 used on input line 7
.
(pdftex.def)             Requested size: 422.50157pt x 597.53772pt.

<MatCamp2014-sanghaefte.pdf, id=90, page=42, 597.50829pt x 845.0471pt>
File: MatCamp2014-sanghaefte.pdf Graphic file (type pdf)

<use MatCamp2014-sanghaefte.pdf, page 42>
Package pdftex.def Info: MatCamp2014-sanghaefte.pdf, page42 used on input line 
7.
(pdftex.def)             Requested size: 422.50157pt x 597.53772pt.
File: MatCamp2014-sanghaefte.pdf Graphic file (type pdf)

<use MatCamp2014-sanghaefte.pdf, page 42>
Package pdftex.def Info: MatCamp2014-sanghaefte.pdf, page42 used on input line 
7.
(pdftex.def)             Requested size: 422.50157pt x 597.53772pt.
File: MatCamp2014-sanghaefte.pdf Graphic file (type pdf)

<use MatCamp2014-sanghaefte.pdf, page 43>
Package pdftex.def Info: MatCamp2014-sanghaefte.pdf, page43 used on input line 
7.
(pdftex.def)             Requested size: 422.50157pt x 597.53772pt.
File: MatCamp2014-sanghaefte.pdf Graphic file (type pdf)

<use MatCamp2014-sanghaefte.pdf, page 6>
Package pdftex.def Info: MatCamp2014-sanghaefte.pdf, page6 used on input line 7
.
(pdftex.def)             Requested size: 422.50157pt x 597.53772pt.
 [6 <C:/Users/Sofie/Documents/UNF/CSC/Sanghæfte/MatCamp2014-sanghaefte.pdf> <C
:/Users/Sofie/Documents/UNF/CSC/Sanghæfte/MatCamp2014-sanghaefte.pdf>]
<MatCamp2014-sanghaefte.pdf, id=119, page=7, 597.50829pt x 845.0471pt>
File: MatCamp2014-sanghaefte.pdf Graphic file (type pdf)

<use MatCamp2014-sanghaefte.pdf, page 7>
Package pdftex.def Info: MatCamp2014-sanghaefte.pdf, page7 used on input line 7
.
(pdftex.def)             Requested size: 422.50157pt x 597.53772pt.
File: MatCamp2014-sanghaefte.pdf Graphic file (type pdf)

<use MatCamp2014-sanghaefte.pdf, page 7>
Package pdftex.def Info: MatCamp2014-sanghaefte.pdf, page7 used on input line 7
.
(pdftex.def)             Requested size: 422.50157pt x 597.53772pt.

<MatCamp2014-sanghaefte.pdf, id=120, page=41, 597.50829pt x 845.0471pt>
File: MatCamp2014-sanghaefte.pdf Graphic file (type pdf)

<use MatCamp2014-sanghaefte.pdf, page 41>
Package pdftex.def Info: MatCamp2014-sanghaefte.pdf, page41 used on input line 
7.
(pdftex.def)             Requested size: 422.50157pt x 597.53772pt.
File: MatCamp2014-sanghaefte.pdf Graphic file (type pdf)

<use MatCamp2014-sanghaefte.pdf, page 41>
Package pdftex.def Info: MatCamp2014-sanghaefte.pdf, page41 used on input line 
7.
(pdftex.def)             Requested size: 422.50157pt x 597.53772pt.
File: MatCamp2014-sanghaefte.pdf Graphic file (type pdf)

<use MatCamp2014-sanghaefte.pdf, page 42>
Package pdftex.def Info: MatCamp2014-sanghaefte.pdf, page42 used on input line 
7.
(pdftex.def)             Requested size: 422.50157pt x 597.53772pt.
File: MatCamp2014-sanghaefte.pdf Graphic file (type pdf)

<use MatCamp2014-sanghaefte.pdf, page 7>
Package pdftex.def Info: MatCamp2014-sanghaefte.pdf, page7 used on input line 7
.
(pdftex.def)             Requested size: 422.50157pt x 597.53772pt.
 [7 <C:/Users/Sofie/Documents/UNF/CSC/Sanghæfte/MatCamp2014-sanghaefte.pdf> <C
:/Users/Sofie/Documents/UNF/CSC/Sanghæfte/MatCamp2014-sanghaefte.pdf>]
<MatCamp2014-sanghaefte.pdf, id=125, page=8, 597.50829pt x 845.0471pt>
File: MatCamp2014-sanghaefte.pdf Graphic file (type pdf)

<use MatCamp2014-sanghaefte.pdf, page 8>
Package pdftex.def Info: MatCamp2014-sanghaefte.pdf, page8 used on input line 7
.
(pdftex.def)             Requested size: 422.50157pt x 597.53772pt.
File: MatCamp2014-sanghaefte.pdf Graphic file (type pdf)

<use MatCamp2014-sanghaefte.pdf, page 8>
Package pdftex.def Info: MatCamp2014-sanghaefte.pdf, page8 used on input line 7
.
(pdftex.def)             Requested size: 422.50157pt x 597.53772pt.

<MatCamp2014-sanghaefte.pdf, id=126, page=40, 597.50829pt x 845.0471pt>
File: MatCamp2014-sanghaefte.pdf Graphic file (type pdf)

<use MatCamp2014-sanghaefte.pdf, page 40>
Package pdftex.def Info: MatCamp2014-sanghaefte.pdf, page40 used on input line 
7.
(pdftex.def)             Requested size: 422.50157pt x 597.53772pt.
File: MatCamp2014-sanghaefte.pdf Graphic file (type pdf)

<use MatCamp2014-sanghaefte.pdf, page 40>
Package pdftex.def Info: MatCamp2014-sanghaefte.pdf, page40 used on input line 
7.
(pdftex.def)             Requested size: 422.50157pt x 597.53772pt.
File: MatCamp2014-sanghaefte.pdf Graphic file (type pdf)

<use MatCamp2014-sanghaefte.pdf, page 41>
Package pdftex.def Info: MatCamp2014-sanghaefte.pdf, page41 used on input line 
7.
(pdftex.def)             Requested size: 422.50157pt x 597.53772pt.
File: MatCamp2014-sanghaefte.pdf Graphic file (type pdf)

<use MatCamp2014-sanghaefte.pdf, page 8>
Package pdftex.def Info: MatCamp2014-sanghaefte.pdf, page8 used on input line 7
.
(pdftex.def)             Requested size: 422.50157pt x 597.53772pt.
 [8 <C:/Users/Sofie/Documents/UNF/CSC/Sanghæfte/MatCamp2014-sanghaefte.pdf> <C
:/Users/Sofie/Documents/UNF/CSC/Sanghæfte/MatCamp2014-sanghaefte.pdf>]
<MatCamp2014-sanghaefte.pdf, id=130, page=9, 597.50829pt x 845.0471pt>
File: MatCamp2014-sanghaefte.pdf Graphic file (type pdf)

<use MatCamp2014-sanghaefte.pdf, page 9>
Package pdftex.def Info: MatCamp2014-sanghaefte.pdf, page9 used on input line 7
.
(pdftex.def)             Requested size: 422.50157pt x 597.53772pt.
File: MatCamp2014-sanghaefte.pdf Graphic file (type pdf)

<use MatCamp2014-sanghaefte.pdf, page 9>
Package pdftex.def Info: MatCamp2014-sanghaefte.pdf, page9 used on input line 7
.
(pdftex.def)             Requested size: 422.50157pt x 597.53772pt.

<MatCamp2014-sanghaefte.pdf, id=131, page=39, 597.50829pt x 845.0471pt>
File: MatCamp2014-sanghaefte.pdf Graphic file (type pdf)

<use MatCamp2014-sanghaefte.pdf, page 39>
Package pdftex.def Info: MatCamp2014-sanghaefte.pdf, page39 used on input line 
7.
(pdftex.def)             Requested size: 422.50157pt x 597.53772pt.
File: MatCamp2014-sanghaefte.pdf Graphic file (type pdf)

<use MatCamp2014-sanghaefte.pdf, page 39>
Package pdftex.def Info: MatCamp2014-sanghaefte.pdf, page39 used on input line 
7.
(pdftex.def)             Requested size: 422.50157pt x 597.53772pt.
File: MatCamp2014-sanghaefte.pdf Graphic file (type pdf)

<use MatCamp2014-sanghaefte.pdf, page 40>
Package pdftex.def Info: MatCamp2014-sanghaefte.pdf, page40 used on input line 
7.
(pdftex.def)             Requested size: 422.50157pt x 597.53772pt.
File: MatCamp2014-sanghaefte.pdf Graphic file (type pdf)

<use MatCamp2014-sanghaefte.pdf, page 9>
Package pdftex.def Info: MatCamp2014-sanghaefte.pdf, page9 used on input line 7
.
(pdftex.def)             Requested size: 422.50157pt x 597.53772pt.
 [9 <C:/Users/Sofie/Documents/UNF/CSC/Sanghæfte/MatCamp2014-sanghaefte.pdf> <C
:/Users/Sofie/Documents/UNF/CSC/Sanghæfte/MatCamp2014-sanghaefte.pdf>]
<MatCamp2014-sanghaefte.pdf, id=135, page=10, 597.50829pt x 845.0471pt>
File: MatCamp2014-sanghaefte.pdf Graphic file (type pdf)

<use MatCamp2014-sanghaefte.pdf, page 10>
Package pdftex.def Info: MatCamp2014-sanghaefte.pdf, page10 used on input line 
7.
(pdftex.def)             Requested size: 422.50157pt x 597.53772pt.
File: MatCamp2014-sanghaefte.pdf Graphic file (type pdf)

<use MatCamp2014-sanghaefte.pdf, page 10>
Package pdftex.def Info: MatCamp2014-sanghaefte.pdf, page10 used on input line 
7.
(pdftex.def)             Requested size: 422.50157pt x 597.53772pt.

<MatCamp2014-sanghaefte.pdf, id=136, page=38, 597.50829pt x 845.0471pt>
File: MatCamp2014-sanghaefte.pdf Graphic file (type pdf)

<use MatCamp2014-sanghaefte.pdf, page 38>
Package pdftex.def Info: MatCamp2014-sanghaefte.pdf, page38 used on input line 
7.
(pdftex.def)             Requested size: 422.50157pt x 597.53772pt.
File: MatCamp2014-sanghaefte.pdf Graphic file (type pdf)

<use MatCamp2014-sanghaefte.pdf, page 38>
Package pdftex.def Info: MatCamp2014-sanghaefte.pdf, page38 used on input line 
7.
(pdftex.def)             Requested size: 422.50157pt x 597.53772pt.
File: MatCamp2014-sanghaefte.pdf Graphic file (type pdf)

<use MatCamp2014-sanghaefte.pdf, page 39>
Package pdftex.def Info: MatCamp2014-sanghaefte.pdf, page39 used on input line 
7.
(pdftex.def)             Requested size: 422.50157pt x 597.53772pt.
File: MatCamp2014-sanghaefte.pdf Graphic file (type pdf)

<use MatCamp2014-sanghaefte.pdf, page 10>
Package pdftex.def Info: MatCamp2014-sanghaefte.pdf, page10 used on input line 
7.
(pdftex.def)             Requested size: 422.50157pt x 597.53772pt.
 [10 <C:/Users/Sofie/Documents/UNF/CSC/Sanghæfte/MatCamp2014-sanghaefte.pdf> <
C:/Users/Sofie/Documents/UNF/CSC/Sanghæfte/MatCamp2014-sanghaefte.pdf>]
<MatCamp2014-sanghaefte.pdf, id=140, page=11, 597.50829pt x 845.0471pt>
File: MatCamp2014-sanghaefte.pdf Graphic file (type pdf)

<use MatCamp2014-sanghaefte.pdf, page 11>
Package pdftex.def Info: MatCamp2014-sanghaefte.pdf, page11 used on input line 
7.
(pdftex.def)             Requested size: 422.50157pt x 597.53772pt.
File: MatCamp2014-sanghaefte.pdf Graphic file (type pdf)

<use MatCamp2014-sanghaefte.pdf, page 11>
Package pdftex.def Info: MatCamp2014-sanghaefte.pdf, page11 used on input line 
7.
(pdftex.def)             Requested size: 422.50157pt x 597.53772pt.

<MatCamp2014-sanghaefte.pdf, id=141, page=37, 597.50829pt x 845.0471pt>
File: MatCamp2014-sanghaefte.pdf Graphic file (type pdf)

<use MatCamp2014-sanghaefte.pdf, page 37>
Package pdftex.def Info: MatCamp2014-sanghaefte.pdf, page37 used on input line 
7.
(pdftex.def)             Requested size: 422.50157pt x 597.53772pt.
File: MatCamp2014-sanghaefte.pdf Graphic file (type pdf)

<use MatCamp2014-sanghaefte.pdf, page 37>
Package pdftex.def Info: MatCamp2014-sanghaefte.pdf, page37 used on input line 
7.
(pdftex.def)             Requested size: 422.50157pt x 597.53772pt.
File: MatCamp2014-sanghaefte.pdf Graphic file (type pdf)

<use MatCamp2014-sanghaefte.pdf, page 38>
Package pdftex.def Info: MatCamp2014-sanghaefte.pdf, page38 used on input line 
7.
(pdftex.def)             Requested size: 422.50157pt x 597.53772pt.
File: MatCamp2014-sanghaefte.pdf Graphic file (type pdf)

<use MatCamp2014-sanghaefte.pdf, page 11>
Package pdftex.def Info: MatCamp2014-sanghaefte.pdf, page11 used on input line 
7.
(pdftex.def)             Requested size: 422.50157pt x 597.53772pt.
 [11 <C:/Users/Sofie/Documents/UNF/CSC/Sanghæfte/MatCamp2014-sanghaefte.pdf> <
C:/Users/Sofie/Documents/UNF/CSC/Sanghæfte/MatCamp2014-sanghaefte.pdf>]
<MatCamp2014-sanghaefte.pdf, id=145, page=12, 597.50829pt x 845.0471pt>
File: MatCamp2014-sanghaefte.pdf Graphic file (type pdf)

<use MatCamp2014-sanghaefte.pdf, page 12>
Package pdftex.def Info: MatCamp2014-sanghaefte.pdf, page12 used on input line 
7.
(pdftex.def)             Requested size: 422.50157pt x 597.53772pt.
File: MatCamp2014-sanghaefte.pdf Graphic file (type pdf)

<use MatCamp2014-sanghaefte.pdf, page 12>
Package pdftex.def Info: MatCamp2014-sanghaefte.pdf, page12 used on input line 
7.
(pdftex.def)             Requested size: 422.50157pt x 597.53772pt.

<MatCamp2014-sanghaefte.pdf, id=146, page=36, 597.50829pt x 845.0471pt>
File: MatCamp2014-sanghaefte.pdf Graphic file (type pdf)

<use MatCamp2014-sanghaefte.pdf, page 36>
Package pdftex.def Info: MatCamp2014-sanghaefte.pdf, page36 used on input line 
7.
(pdftex.def)             Requested size: 422.50157pt x 597.53772pt.
File: MatCamp2014-sanghaefte.pdf Graphic file (type pdf)

<use MatCamp2014-sanghaefte.pdf, page 36>
Package pdftex.def Info: MatCamp2014-sanghaefte.pdf, page36 used on input line 
7.
(pdftex.def)             Requested size: 422.50157pt x 597.53772pt.
File: MatCamp2014-sanghaefte.pdf Graphic file (type pdf)

<use MatCamp2014-sanghaefte.pdf, page 37>
Package pdftex.def Info: MatCamp2014-sanghaefte.pdf, page37 used on input line 
7.
(pdftex.def)             Requested size: 422.50157pt x 597.53772pt.
File: MatCamp2014-sanghaefte.pdf Graphic file (type pdf)

<use MatCamp2014-sanghaefte.pdf, page 12>
Package pdftex.def Info: MatCamp2014-sanghaefte.pdf, page12 used on input line 
7.
(pdftex.def)             Requested size: 422.50157pt x 597.53772pt.
 [12 <C:/Users/Sofie/Documents/UNF/CSC/Sanghæfte/MatCamp2014-sanghaefte.pdf> <
C:/Users/Sofie/Documents/UNF/CSC/Sanghæfte/MatCamp2014-sanghaefte.pdf>]
<MatCamp2014-sanghaefte.pdf, id=150, page=13, 597.50829pt x 845.0471pt>
File: MatCamp2014-sanghaefte.pdf Graphic file (type pdf)

<use MatCamp2014-sanghaefte.pdf, page 13>
Package pdftex.def Info: MatCamp2014-sanghaefte.pdf, page13 used on input line 
7.
(pdftex.def)             Requested size: 422.50157pt x 597.53772pt.
File: MatCamp2014-sanghaefte.pdf Graphic file (type pdf)

<use MatCamp2014-sanghaefte.pdf, page 13>
Package pdftex.def Info: MatCamp2014-sanghaefte.pdf, page13 used on input line 
7.
(pdftex.def)             Requested size: 422.50157pt x 597.53772pt.

<MatCamp2014-sanghaefte.pdf, id=151, page=35, 597.50829pt x 845.0471pt>
File: MatCamp2014-sanghaefte.pdf Graphic file (type pdf)

<use MatCamp2014-sanghaefte.pdf, page 35>
Package pdftex.def Info: MatCamp2014-sanghaefte.pdf, page35 used on input line 
7.
(pdftex.def)             Requested size: 422.50157pt x 597.53772pt.
File: MatCamp2014-sanghaefte.pdf Graphic file (type pdf)

<use MatCamp2014-sanghaefte.pdf, page 35>
Package pdftex.def Info: MatCamp2014-sanghaefte.pdf, page35 used on input line 
7.
(pdftex.def)             Requested size: 422.50157pt x 597.53772pt.
File: MatCamp2014-sanghaefte.pdf Graphic file (type pdf)

<use MatCamp2014-sanghaefte.pdf, page 36>
Package pdftex.def Info: MatCamp2014-sanghaefte.pdf, page36 used on input line 
7.
(pdftex.def)             Requested size: 422.50157pt x 597.53772pt.
File: MatCamp2014-sanghaefte.pdf Graphic file (type pdf)

<use MatCamp2014-sanghaefte.pdf, page 13>
Package pdftex.def Info: MatCamp2014-sanghaefte.pdf, page13 used on input line 
7.
(pdftex.def)             Requested size: 422.50157pt x 597.53772pt.
 [13 <C:/Users/Sofie/Documents/UNF/CSC/Sanghæfte/MatCamp2014-sanghaefte.pdf> <
C:/Users/Sofie/Documents/UNF/CSC/Sanghæfte/MatCamp2014-sanghaefte.pdf>]
<MatCamp2014-sanghaefte.pdf, id=156, page=14, 597.50829pt x 845.0471pt>
File: MatCamp2014-sanghaefte.pdf Graphic file (type pdf)

<use MatCamp2014-sanghaefte.pdf, page 14>
Package pdftex.def Info: MatCamp2014-sanghaefte.pdf, page14 used on input line 
7.
(pdftex.def)             Requested size: 422.50157pt x 597.53772pt.
File: MatCamp2014-sanghaefte.pdf Graphic file (type pdf)

<use MatCamp2014-sanghaefte.pdf, page 14>
Package pdftex.def Info: MatCamp2014-sanghaefte.pdf, page14 used on input line 
7.
(pdftex.def)             Requested size: 422.50157pt x 597.53772pt.

<MatCamp2014-sanghaefte.pdf, id=157, page=34, 597.50829pt x 845.0471pt>
File: MatCamp2014-sanghaefte.pdf Graphic file (type pdf)

<use MatCamp2014-sanghaefte.pdf, page 34>
Package pdftex.def Info: MatCamp2014-sanghaefte.pdf, page34 used on input line 
7.
(pdftex.def)             Requested size: 422.50157pt x 597.53772pt.
File: MatCamp2014-sanghaefte.pdf Graphic file (type pdf)

<use MatCamp2014-sanghaefte.pdf, page 34>
Package pdftex.def Info: MatCamp2014-sanghaefte.pdf, page34 used on input line 
7.
(pdftex.def)             Requested size: 422.50157pt x 597.53772pt.
File: MatCamp2014-sanghaefte.pdf Graphic file (type pdf)

<use MatCamp2014-sanghaefte.pdf, page 35>
Package pdftex.def Info: MatCamp2014-sanghaefte.pdf, page35 used on input line 
7.
(pdftex.def)             Requested size: 422.50157pt x 597.53772pt.
File: MatCamp2014-sanghaefte.pdf Graphic file (type pdf)

<use MatCamp2014-sanghaefte.pdf, page 14>
Package pdftex.def Info: MatCamp2014-sanghaefte.pdf, page14 used on input line 
7.
(pdftex.def)             Requested size: 422.50157pt x 597.53772pt.
 [14 <C:/Users/Sofie/Documents/UNF/CSC/Sanghæfte/MatCamp2014-sanghaefte.pdf> <
C:/Users/Sofie/Documents/UNF/CSC/Sanghæfte/MatCamp2014-sanghaefte.pdf>]
<MatCamp2014-sanghaefte.pdf, id=161, page=15, 597.50829pt x 845.0471pt>
File: MatCamp2014-sanghaefte.pdf Graphic file (type pdf)

<use MatCamp2014-sanghaefte.pdf, page 15>
Package pdftex.def Info: MatCamp2014-sanghaefte.pdf, page15 used on input line 
7.
(pdftex.def)             Requested size: 422.50157pt x 597.53772pt.
File: MatCamp2014-sanghaefte.pdf Graphic file (type pdf)

<use MatCamp2014-sanghaefte.pdf, page 15>
Package pdftex.def Info: MatCamp2014-sanghaefte.pdf, page15 used on input line 
7.
(pdftex.def)             Requested size: 422.50157pt x 597.53772pt.

<MatCamp2014-sanghaefte.pdf, id=162, page=33, 597.50829pt x 845.0471pt>
File: MatCamp2014-sanghaefte.pdf Graphic file (type pdf)

<use MatCamp2014-sanghaefte.pdf, page 33>
Package pdftex.def Info: MatCamp2014-sanghaefte.pdf, page33 used on input line 
7.
(pdftex.def)             Requested size: 422.50157pt x 597.53772pt.
File: MatCamp2014-sanghaefte.pdf Graphic file (type pdf)

<use MatCamp2014-sanghaefte.pdf, page 33>
Package pdftex.def Info: MatCamp2014-sanghaefte.pdf, page33 used on input line 
7.
(pdftex.def)             Requested size: 422.50157pt x 597.53772pt.
File: MatCamp2014-sanghaefte.pdf Graphic file (type pdf)

<use MatCamp2014-sanghaefte.pdf, page 34>
Package pdftex.def Info: MatCamp2014-sanghaefte.pdf, page34 used on input line 
7.
(pdftex.def)             Requested size: 422.50157pt x 597.53772pt.
File: MatCamp2014-sanghaefte.pdf Graphic file (type pdf)

<use MatCamp2014-sanghaefte.pdf, page 15>
Package pdftex.def Info: MatCamp2014-sanghaefte.pdf, page15 used on input line 
7.
(pdftex.def)             Requested size: 422.50157pt x 597.53772pt.
 [15 <C:/Users/Sofie/Documents/UNF/CSC/Sanghæfte/MatCamp2014-sanghaefte.pdf> <
C:/Users/Sofie/Documents/UNF/CSC/Sanghæfte/MatCamp2014-sanghaefte.pdf>]
<MatCamp2014-sanghaefte.pdf, id=166, page=16, 597.50829pt x 845.0471pt>
File: MatCamp2014-sanghaefte.pdf Graphic file (type pdf)

<use MatCamp2014-sanghaefte.pdf, page 16>
Package pdftex.def Info: MatCamp2014-sanghaefte.pdf, page16 used on input line 
7.
(pdftex.def)             Requested size: 422.50157pt x 597.53772pt.
File: MatCamp2014-sanghaefte.pdf Graphic file (type pdf)

<use MatCamp2014-sanghaefte.pdf, page 16>
Package pdftex.def Info: MatCamp2014-sanghaefte.pdf, page16 used on input line 
7.
(pdftex.def)             Requested size: 422.50157pt x 597.53772pt.

<MatCamp2014-sanghaefte.pdf, id=167, page=32, 597.50829pt x 845.0471pt>
File: MatCamp2014-sanghaefte.pdf Graphic file (type pdf)

<use MatCamp2014-sanghaefte.pdf, page 32>
Package pdftex.def Info: MatCamp2014-sanghaefte.pdf, page32 used on input line 
7.
(pdftex.def)             Requested size: 422.50157pt x 597.53772pt.
File: MatCamp2014-sanghaefte.pdf Graphic file (type pdf)

<use MatCamp2014-sanghaefte.pdf, page 32>
Package pdftex.def Info: MatCamp2014-sanghaefte.pdf, page32 used on input line 
7.
(pdftex.def)             Requested size: 422.50157pt x 597.53772pt.
File: MatCamp2014-sanghaefte.pdf Graphic file (type pdf)

<use MatCamp2014-sanghaefte.pdf, page 33>
Package pdftex.def Info: MatCamp2014-sanghaefte.pdf, page33 used on input line 
7.
(pdftex.def)             Requested size: 422.50157pt x 597.53772pt.
File: MatCamp2014-sanghaefte.pdf Graphic file (type pdf)

<use MatCamp2014-sanghaefte.pdf, page 16>
Package pdftex.def Info: MatCamp2014-sanghaefte.pdf, page16 used on input line 
7.
(pdftex.def)             Requested size: 422.50157pt x 597.53772pt.
 [16 <C:/Users/Sofie/Documents/UNF/CSC/Sanghæfte/MatCamp2014-sanghaefte.pdf> <
C:/Users/Sofie/Documents/UNF/CSC/Sanghæfte/MatCamp2014-sanghaefte.pdf>]
<MatCamp2014-sanghaefte.pdf, id=171, page=17, 597.50829pt x 845.0471pt>
File: MatCamp2014-sanghaefte.pdf Graphic file (type pdf)

<use MatCamp2014-sanghaefte.pdf, page 17>
Package pdftex.def Info: MatCamp2014-sanghaefte.pdf, page17 used on input line 
7.
(pdftex.def)             Requested size: 422.50157pt x 597.53772pt.
File: MatCamp2014-sanghaefte.pdf Graphic file (type pdf)

<use MatCamp2014-sanghaefte.pdf, page 17>
Package pdftex.def Info: MatCamp2014-sanghaefte.pdf, page17 used on input line 
7.
(pdftex.def)             Requested size: 422.50157pt x 597.53772pt.

<MatCamp2014-sanghaefte.pdf, id=172, page=31, 597.50829pt x 845.0471pt>
File: MatCamp2014-sanghaefte.pdf Graphic file (type pdf)

<use MatCamp2014-sanghaefte.pdf, page 31>
Package pdftex.def Info: MatCamp2014-sanghaefte.pdf, page31 used on input line 
7.
(pdftex.def)             Requested size: 422.50157pt x 597.53772pt.
File: MatCamp2014-sanghaefte.pdf Graphic file (type pdf)

<use MatCamp2014-sanghaefte.pdf, page 31>
Package pdftex.def Info: MatCamp2014-sanghaefte.pdf, page31 used on input line 
7.
(pdftex.def)             Requested size: 422.50157pt x 597.53772pt.
File: MatCamp2014-sanghaefte.pdf Graphic file (type pdf)

<use MatCamp2014-sanghaefte.pdf, page 32>
Package pdftex.def Info: MatCamp2014-sanghaefte.pdf, page32 used on input line 
7.
(pdftex.def)             Requested size: 422.50157pt x 597.53772pt.
File: MatCamp2014-sanghaefte.pdf Graphic file (type pdf)

<use MatCamp2014-sanghaefte.pdf, page 17>
Package pdftex.def Info: MatCamp2014-sanghaefte.pdf, page17 used on input line 
7.
(pdftex.def)             Requested size: 422.50157pt x 597.53772pt.
 [17 <C:/Users/Sofie/Documents/UNF/CSC/Sanghæfte/MatCamp2014-sanghaefte.pdf> <
C:/Users/Sofie/Documents/UNF/CSC/Sanghæfte/MatCamp2014-sanghaefte.pdf>]
<MatCamp2014-sanghaefte.pdf, id=176, page=18, 597.50829pt x 845.0471pt>
File: MatCamp2014-sanghaefte.pdf Graphic file (type pdf)

<use MatCamp2014-sanghaefte.pdf, page 18>
Package pdftex.def Info: MatCamp2014-sanghaefte.pdf, page18 used on input line 
7.
(pdftex.def)             Requested size: 422.50157pt x 597.53772pt.
File: MatCamp2014-sanghaefte.pdf Graphic file (type pdf)

<use MatCamp2014-sanghaefte.pdf, page 18>
Package pdftex.def Info: MatCamp2014-sanghaefte.pdf, page18 used on input line 
7.
(pdftex.def)             Requested size: 422.50157pt x 597.53772pt.

<MatCamp2014-sanghaefte.pdf, id=177, page=30, 597.50829pt x 845.0471pt>
File: MatCamp2014-sanghaefte.pdf Graphic file (type pdf)

<use MatCamp2014-sanghaefte.pdf, page 30>
Package pdftex.def Info: MatCamp2014-sanghaefte.pdf, page30 used on input line 
7.
(pdftex.def)             Requested size: 422.50157pt x 597.53772pt.
File: MatCamp2014-sanghaefte.pdf Graphic file (type pdf)

<use MatCamp2014-sanghaefte.pdf, page 30>
Package pdftex.def Info: MatCamp2014-sanghaefte.pdf, page30 used on input line 
7.
(pdftex.def)             Requested size: 422.50157pt x 597.53772pt.
File: MatCamp2014-sanghaefte.pdf Graphic file (type pdf)

<use MatCamp2014-sanghaefte.pdf, page 31>
Package pdftex.def Info: MatCamp2014-sanghaefte.pdf, page31 used on input line 
7.
(pdftex.def)             Requested size: 422.50157pt x 597.53772pt.
File: MatCamp2014-sanghaefte.pdf Graphic file (type pdf)

<use MatCamp2014-sanghaefte.pdf, page 18>
Package pdftex.def Info: MatCamp2014-sanghaefte.pdf, page18 used on input line 
7.
(pdftex.def)             Requested size: 422.50157pt x 597.53772pt.
 [18 <C:/Users/Sofie/Documents/UNF/CSC/Sanghæfte/MatCamp2014-sanghaefte.pdf> <
C:/Users/Sofie/Documents/UNF/CSC/Sanghæfte/MatCamp2014-sanghaefte.pdf>]
<MatCamp2014-sanghaefte.pdf, id=181, page=19, 597.50829pt x 845.0471pt>
File: MatCamp2014-sanghaefte.pdf Graphic file (type pdf)

<use MatCamp2014-sanghaefte.pdf, page 19>
Package pdftex.def Info: MatCamp2014-sanghaefte.pdf, page19 used on input line 
7.
(pdftex.def)             Requested size: 422.50157pt x 597.53772pt.
File: MatCamp2014-sanghaefte.pdf Graphic file (type pdf)

<use MatCamp2014-sanghaefte.pdf, page 19>
Package pdftex.def Info: MatCamp2014-sanghaefte.pdf, page19 used on input line 
7.
(pdftex.def)             Requested size: 422.50157pt x 597.53772pt.

<MatCamp2014-sanghaefte.pdf, id=182, page=29, 597.50829pt x 845.0471pt>
File: MatCamp2014-sanghaefte.pdf Graphic file (type pdf)

<use MatCamp2014-sanghaefte.pdf, page 29>
Package pdftex.def Info: MatCamp2014-sanghaefte.pdf, page29 used on input line 
7.
(pdftex.def)             Requested size: 422.50157pt x 597.53772pt.
File: MatCamp2014-sanghaefte.pdf Graphic file (type pdf)

<use MatCamp2014-sanghaefte.pdf, page 29>
Package pdftex.def Info: MatCamp2014-sanghaefte.pdf, page29 used on input line 
7.
(pdftex.def)             Requested size: 422.50157pt x 597.53772pt.
File: MatCamp2014-sanghaefte.pdf Graphic file (type pdf)

<use MatCamp2014-sanghaefte.pdf, page 30>
Package pdftex.def Info: MatCamp2014-sanghaefte.pdf, page30 used on input line 
7.
(pdftex.def)             Requested size: 422.50157pt x 597.53772pt.
File: MatCamp2014-sanghaefte.pdf Graphic file (type pdf)

<use MatCamp2014-sanghaefte.pdf, page 19>
Package pdftex.def Info: MatCamp2014-sanghaefte.pdf, page19 used on input line 
7.
(pdftex.def)             Requested size: 422.50157pt x 597.53772pt.
 [19 <C:/Users/Sofie/Documents/UNF/CSC/Sanghæfte/MatCamp2014-sanghaefte.pdf> <
C:/Users/Sofie/Documents/UNF/CSC/Sanghæfte/MatCamp2014-sanghaefte.pdf>]
<MatCamp2014-sanghaefte.pdf, id=187, page=20, 597.50829pt x 845.0471pt>
File: MatCamp2014-sanghaefte.pdf Graphic file (type pdf)

<use MatCamp2014-sanghaefte.pdf, page 20>
Package pdftex.def Info: MatCamp2014-sanghaefte.pdf, page20 used on input line 
7.
(pdftex.def)             Requested size: 422.50157pt x 597.53772pt.
File: MatCamp2014-sanghaefte.pdf Graphic file (type pdf)

<use MatCamp2014-sanghaefte.pdf, page 20>
Package pdftex.def Info: MatCamp2014-sanghaefte.pdf, page20 used on input line 
7.
(pdftex.def)             Requested size: 422.50157pt x 597.53772pt.

<MatCamp2014-sanghaefte.pdf, id=188, page=28, 597.50829pt x 845.0471pt>
File: MatCamp2014-sanghaefte.pdf Graphic file (type pdf)

<use MatCamp2014-sanghaefte.pdf, page 28>
Package pdftex.def Info: MatCamp2014-sanghaefte.pdf, page28 used on input line 
7.
(pdftex.def)             Requested size: 422.50157pt x 597.53772pt.
File: MatCamp2014-sanghaefte.pdf Graphic file (type pdf)

<use MatCamp2014-sanghaefte.pdf, page 28>
Package pdftex.def Info: MatCamp2014-sanghaefte.pdf, page28 used on input line 
7.
(pdftex.def)             Requested size: 422.50157pt x 597.53772pt.
File: MatCamp2014-sanghaefte.pdf Graphic file (type pdf)

<use MatCamp2014-sanghaefte.pdf, page 29>
Package pdftex.def Info: MatCamp2014-sanghaefte.pdf, page29 used on input line 
7.
(pdftex.def)             Requested size: 422.50157pt x 597.53772pt.
File: MatCamp2014-sanghaefte.pdf Graphic file (type pdf)

<use MatCamp2014-sanghaefte.pdf, page 20>
Package pdftex.def Info: MatCamp2014-sanghaefte.pdf, page20 used on input line 
7.
(pdftex.def)             Requested size: 422.50157pt x 597.53772pt.
 [20 <C:/Users/Sofie/Documents/UNF/CSC/Sanghæfte/MatCamp2014-sanghaefte.pdf> <
C:/Users/Sofie/Documents/UNF/CSC/Sanghæfte/MatCamp2014-sanghaefte.pdf>]
<MatCamp2014-sanghaefte.pdf, id=192, page=21, 597.50829pt x 845.0471pt>
File: MatCamp2014-sanghaefte.pdf Graphic file (type pdf)

<use MatCamp2014-sanghaefte.pdf, page 21>
Package pdftex.def Info: MatCamp2014-sanghaefte.pdf, page21 used on input line 
7.
(pdftex.def)             Requested size: 422.50157pt x 597.53772pt.
File: MatCamp2014-sanghaefte.pdf Graphic file (type pdf)

<use MatCamp2014-sanghaefte.pdf, page 21>
Package pdftex.def Info: MatCamp2014-sanghaefte.pdf, page21 used on input line 
7.
(pdftex.def)             Requested size: 422.50157pt x 597.53772pt.

<MatCamp2014-sanghaefte.pdf, id=193, page=27, 597.50829pt x 845.0471pt>
File: MatCamp2014-sanghaefte.pdf Graphic file (type pdf)

<use MatCamp2014-sanghaefte.pdf, page 27>
Package pdftex.def Info: MatCamp2014-sanghaefte.pdf, page27 used on input line 
7.
(pdftex.def)             Requested size: 422.50157pt x 597.53772pt.
File: MatCamp2014-sanghaefte.pdf Graphic file (type pdf)

<use MatCamp2014-sanghaefte.pdf, page 27>
Package pdftex.def Info: MatCamp2014-sanghaefte.pdf, page27 used on input line 
7.
(pdftex.def)             Requested size: 422.50157pt x 597.53772pt.
File: MatCamp2014-sanghaefte.pdf Graphic file (type pdf)

<use MatCamp2014-sanghaefte.pdf, page 28>
Package pdftex.def Info: MatCamp2014-sanghaefte.pdf, page28 used on input line 
7.
(pdftex.def)             Requested size: 422.50157pt x 597.53772pt.
File: MatCamp2014-sanghaefte.pdf Graphic file (type pdf)

<use MatCamp2014-sanghaefte.pdf, page 21>
Package pdftex.def Info: MatCamp2014-sanghaefte.pdf, page21 used on input line 
7.
(pdftex.def)             Requested size: 422.50157pt x 597.53772pt.
 [21 <C:/Users/Sofie/Documents/UNF/CSC/Sanghæfte/MatCamp2014-sanghaefte.pdf> <
C:/Users/Sofie/Documents/UNF/CSC/Sanghæfte/MatCamp2014-sanghaefte.pdf>]
<MatCamp2014-sanghaefte.pdf, id=197, page=22, 597.50829pt x 845.0471pt>
File: MatCamp2014-sanghaefte.pdf Graphic file (type pdf)

<use MatCamp2014-sanghaefte.pdf, page 22>
Package pdftex.def Info: MatCamp2014-sanghaefte.pdf, page22 used on input line 
7.
(pdftex.def)             Requested size: 422.50157pt x 597.53772pt.
File: MatCamp2014-sanghaefte.pdf Graphic file (type pdf)

<use MatCamp2014-sanghaefte.pdf, page 22>
Package pdftex.def Info: MatCamp2014-sanghaefte.pdf, page22 used on input line 
7.
(pdftex.def)             Requested size: 422.50157pt x 597.53772pt.

<MatCamp2014-sanghaefte.pdf, id=198, page=26, 597.50829pt x 845.0471pt>
File: MatCamp2014-sanghaefte.pdf Graphic file (type pdf)

<use MatCamp2014-sanghaefte.pdf, page 26>
Package pdftex.def Info: MatCamp2014-sanghaefte.pdf, page26 used on input line 
7.
(pdftex.def)             Requested size: 422.50157pt x 597.53772pt.
File: MatCamp2014-sanghaefte.pdf Graphic file (type pdf)

<use MatCamp2014-sanghaefte.pdf, page 26>
Package pdftex.def Info: MatCamp2014-sanghaefte.pdf, page26 used on input line 
7.
(pdftex.def)             Requested size: 422.50157pt x 597.53772pt.
File: MatCamp2014-sanghaefte.pdf Graphic file (type pdf)

<use MatCamp2014-sanghaefte.pdf, page 27>
Package pdftex.def Info: MatCamp2014-sanghaefte.pdf, page27 used on input line 
7.
(pdftex.def)             Requested size: 422.50157pt x 597.53772pt.
File: MatCamp2014-sanghaefte.pdf Graphic file (type pdf)

<use MatCamp2014-sanghaefte.pdf, page 22>
Package pdftex.def Info: MatCamp2014-sanghaefte.pdf, page22 used on input line 
7.
(pdftex.def)             Requested size: 422.50157pt x 597.53772pt.
 [22 <C:/Users/Sofie/Documents/UNF/CSC/Sanghæfte/MatCamp2014-sanghaefte.pdf> <
C:/Users/Sofie/Documents/UNF/CSC/Sanghæfte/MatCamp2014-sanghaefte.pdf>]
<MatCamp2014-sanghaefte.pdf, id=202, page=23, 597.50829pt x 845.0471pt>
File: MatCamp2014-sanghaefte.pdf Graphic file (type pdf)

<use MatCamp2014-sanghaefte.pdf, page 23>
Package pdftex.def Info: MatCamp2014-sanghaefte.pdf, page23 used on input line 
7.
(pdftex.def)             Requested size: 422.50157pt x 597.53772pt.
File: MatCamp2014-sanghaefte.pdf Graphic file (type pdf)

<use MatCamp2014-sanghaefte.pdf, page 23>
Package pdftex.def Info: MatCamp2014-sanghaefte.pdf, page23 used on input line 
7.
(pdftex.def)             Requested size: 422.50157pt x 597.53772pt.

<MatCamp2014-sanghaefte.pdf, id=203, page=25, 597.50829pt x 845.0471pt>
File: MatCamp2014-sanghaefte.pdf Graphic file (type pdf)

<use MatCamp2014-sanghaefte.pdf, page 25>
Package pdftex.def Info: MatCamp2014-sanghaefte.pdf, page25 used on input line 
7.
(pdftex.def)             Requested size: 422.50157pt x 597.53772pt.
File: MatCamp2014-sanghaefte.pdf Graphic file (type pdf)

<use MatCamp2014-sanghaefte.pdf, page 25>
Package pdftex.def Info: MatCamp2014-sanghaefte.pdf, page25 used on input line 
7.
(pdftex.def)             Requested size: 422.50157pt x 597.53772pt.
File: MatCamp2014-sanghaefte.pdf Graphic file (type pdf)

<use MatCamp2014-sanghaefte.pdf, page 26>
Package pdftex.def Info: MatCamp2014-sanghaefte.pdf, page26 used on input line 
7.
(pdftex.def)             Requested size: 422.50157pt x 597.53772pt.
File: MatCamp2014-sanghaefte.pdf Graphic file (type pdf)

<use MatCamp2014-sanghaefte.pdf, page 23>
Package pdftex.def Info: MatCamp2014-sanghaefte.pdf, page23 used on input line 
7.
(pdftex.def)             Requested size: 422.50157pt x 597.53772pt.
 [23 <C:/Users/Sofie/Documents/UNF/CSC/Sanghæfte/MatCamp2014-sanghaefte.pdf> <
C:/Users/Sofie/Documents/UNF/CSC/Sanghæfte/MatCamp2014-sanghaefte.pdf>]
<MatCamp2014-sanghaefte.pdf, id=207, page=24, 597.50829pt x 845.0471pt>
File: MatCamp2014-sanghaefte.pdf Graphic file (type pdf)

<use MatCamp2014-sanghaefte.pdf, page 24>
Package pdftex.def Info: MatCamp2014-sanghaefte.pdf, page24 used on input line 
7.
(pdftex.def)             Requested size: 422.50157pt x 597.53772pt.
File: MatCamp2014-sanghaefte.pdf Graphic file (type pdf)

<use MatCamp2014-sanghaefte.pdf, page 24>
Package pdftex.def Info: MatCamp2014-sanghaefte.pdf, page24 used on input line 
7.
(pdftex.def)             Requested size: 422.50157pt x 597.53772pt.
File: MatCamp2014-sanghaefte.pdf Graphic file (type pdf)

<use MatCamp2014-sanghaefte.pdf, page 25>
Package pdftex.def Info: MatCamp2014-sanghaefte.pdf, page25 used on input line 
7.
(pdftex.def)             Requested size: 422.50157pt x 597.53772pt.
File: MatCamp2014-sanghaefte.pdf Graphic file (type pdf)

<use MatCamp2014-sanghaefte.pdf, page 24>
Package pdftex.def Info: MatCamp2014-sanghaefte.pdf, page24 used on input line 
7.
(pdftex.def)             Requested size: 422.50157pt x 597.53772pt.
 [24 <C:/Users/Sofie/Documents/UNF/CSC/Sanghæfte/MatCamp2014-sanghaefte.pdf> <
C:/Users/Sofie/Documents/UNF/CSC/Sanghæfte/MatCamp2014-sanghaefte.pdf>]
(C:\Users\Sofie\Documents\UNF\CSC\Sanghæfte\MatCamp2014-sanghaefte-booklet.aux
) ) 
Here is how much of TeX's memory you used:
 2545 strings out of 493921
 39172 string characters out of 3144876
 90307 words of memory out of 3000000
 5847 multiletter control sequences out of 15000+200000
 3640 words of font info for 14 fonts, out of 3000000 for 9000
 841 hyphenation exceptions out of 8191
 41i,20n,46p,291b,466s stack positions out of 5000i,500n,10000p,200000b,50000s
<C:/Users/Sofie/Development/MiKTeX/fonts/type1/public/amsfonts/cm/cmbx12.pfb
><C:/Users/Sofie/Development/MiKTeX/fonts/type1/public/amsfonts/cm/cmmi12.pfb><
C:/Users/Sofie/Development/MiKTeX/fonts/type1/public/amsfonts/cm/cmmi8.pfb><C:/
Users/Sofie/Development/MiKTeX/fonts/type1/public/amsfonts/cm/cmr10.pfb><C:/Use
rs/Sofie/Development/MiKTeX/fonts/type1/public/amsfonts/cm/cmr12.pfb><C:/Users/
Sofie/Development/MiKTeX/fonts/type1/public/amsfonts/cm/cmr7.pfb><C:/Users/Sofi
e/Development/MiKTeX/fonts/type1/public/amsfonts/cm/cmr8.pfb><C:/Users/Sofie/De
velopment/MiKTeX/fonts/type1/public/amsfonts/cm/cmsy10.pfb><C:/Users/Sofie/Deve
lopment/MiKTeX/fonts/type1/public/amsfonts/cm/cmsy8.pfb><C:/Users/Sofie/Develop
ment/MiKTeX/fonts/type1/public/amsfonts/cm/cmti10.pfb><C:/Users/Sofie/Developme
nt/MiKTeX/fonts/type1/public/amsfonts/cm/cmti12.pfb><C:/Users/Sofie/Development
/MiKTeX/fonts/type1/public/amsfonts/cm/cmtt10.pfb><C:/Users/Sofie/Development/M
iKTeX/fonts/type1/public/amsfonts/cm/cmtt12.pfb><C:/Users/Sofie/Development/MiK
TeX/fonts/type1/public/amsfonts/symbols/msbm10.pfb>
Output written on MatCamp2014-sanghaefte-booklet.pdf (24 pages, 313236 bytes).
PDF statistics:
 232 PDF objects out of 1000 (max. 8388607)
 0 named destinations out of 1000 (max. 500000)
 256 words of extra memory for PDF output out of 10000 (max. 10000000)

