This is pdfTeX, Version 3.1415926-2.4-1.40.13 (MiKTeX 2.9) (preloaded format=pdflatex 2013.7.23)  23 JUL 2015 20:28
entering extended mode
**C:/Users/Sofie/Documents/UNF/CSC/Sanghæfte/MatCamp2014-sanghaefte.tex
(C:/Users/Sofie/Documents/UNF/CSC/Sanghæfte/MatCamp2014-sanghaefte.tex
LaTeX2e <2011/06/27>
Babel <v3.8m> and hyphenation patterns for english, afrikaans, ancientgreek, ar
abic, armenian, assamese, basque, bengali, bokmal, bulgarian, catalan, coptic, 
croatian, czech, danish, dutch, esperanto, estonian, farsi, finnish, french, ga
lician, german, german-x-2012-05-30, greek, gujarati, hindi, hungarian, iceland
ic, indonesian, interlingua, irish, italian, kannada, kurmanji, latin, latvian,
 lithuanian, malayalam, marathi, mongolian, mongolianlmc, monogreek, ngerman, n
german-x-2012-05-30, nynorsk, oriya, panjabi, pinyin, polish, portuguese, roman
ian, russian, sanskrit, serbian, slovak, slovenian, spanish, swedish, swissgerm
an, tamil, telugu, turkish, turkmen, ukenglish, ukrainian, uppersorbian, usengl
ishmax, welsh, loaded.
(C:\Users\Sofie\Documents\UNF\CSC\Sanghæfte\preamble.tex
(C:\Users\Sofie\Development\MiKTeX\tex\latex\memoir\memoir.cls
Document Class: memoir 2015/04/23 v3.7d configurable book, report, article docu
ment class
\onelineskip=\skip41
\lxvchars=\skip42
\xlvchars=\skip43
\@memcnta=\count79
\c@@memmarkcntra=\count80
\l@nohyphenation=\language69
(C:\Users\Sofie\Development\MiKTeX\tex\generic\oberdiek\ifpdf.sty
Package: ifpdf 2011/01/30 v2.3 Provides the ifpdf switch (HO)
Package ifpdf Info: pdfTeX in PDF mode is detected.
)
(C:\Users\Sofie\Development\MiKTeX\tex\latex\ifetex\ifetex.sty
Package: ifetex 2011/12/15 v1.2 ifetex

(C:\Users\Sofie\Development\MiKTeX\tex\plain\ifetex\ifetex.tex))
(C:\Users\Sofie\Development\MiKTeX\tex\generic\ifxetex\ifxetex.sty
Package: ifxetex 2010/09/12 v0.6 Provides ifxetex conditional
)
(C:\Users\Sofie\Development\MiKTeX\tex\generic\oberdiek\ifluatex.sty
Package: ifluatex 2010/03/01 v1.3 Provides the ifluatex switch (HO)
Package ifluatex Info: LuaTeX not detected.
)
\stockheight=\skip44
\stockwidth=\skip45
\trimtop=\skip46
\trimedge=\skip47

(C:\Users\Sofie\Development\MiKTeX\tex\latex\misc\etex.sty
Package: etex 1998/03/26 v2.0 eTeX basic definition package (PEB)
\et@xins=\count81
)
(C:\Users\Sofie\Development\MiKTeX\tex\latex\memoir\mem12.clo
File: mem12.clo 2010/10/19 v0.4b memoir class 12pt size option
)
\binding=\skip48
\spinemargin=\skip49
\foremargin=\skip50
\uppermargin=\skip51
\lowermargin=\skip52
\headdrop=\skip53
\normalrulethickness=\skip54
\mem@maxheadheight=\skip55
\mem@maxfootheight=\skip56
\headwidth=\skip57
\c@storedpagenumber=\count82
\memPD=\dimen102
\m@mabparskip=\skip58
\thanksmarkwidth=\skip59
\thanksmarksep=\skip60
\droptitle=\skip61
\c@book=\count83
\c@part=\count84
\c@chapter=\count85
\c@section=\count86
\c@subsection=\count87
\c@subsubsection=\count88
\c@paragraph=\count89
\c@subparagraph=\count90
\beforechapskip=\skip62
\midchapskip=\skip63
\afterchapskip=\skip64
\chapindent=\skip65
\bottomsectionskip=\skip66
\secindent=\skip67
\beforesecskip=\skip68
\aftersecskip=\skip69
\subsecindent=\skip70
\beforesubsecskip=\skip71
\aftersubsecskip=\skip72
\subsubsecindent=\skip73
\beforesubsubsecskip=\skip74
\aftersubsubsecskip=\skip75
\paraindent=\skip76
\beforeparaskip=\skip77
\afterparaskip=\skip78
\subparaindent=\skip79
\beforesubparaskip=\skip80
\aftersubparaskip=\skip81
\pfbreakskip=\skip82
\c@@ppsavesec=\count91
\c@@ppsaveapp=\count92
\ragrparindent=\dimen103
\everylistparindent=\dimen104
\parsepi=\skip83
\topsepi=\skip84
\itemsepi=\skip85
\parsepii=\skip86
\topsepii=\skip87
\topsepiii=\skip88
\itemsepii=\skip89
\itemsepiii=\skip90
\partopsepii=\skip91
\partopsepiii=\skip92
\m@msavetopsep=\skip93
\m@msavepartopsep=\skip94
\@enLab=\toks14
\abstitleskip=\skip95
\absleftindent=\skip96
\abs@leftindent=\dimen105
\absrightindent=\skip97
\absparindent=\skip98
\absparsep=\skip99
\c@vslineno=\count93
\c@poemline=\count94
\c@modulo@vs=\count95
\c@memfvsline=\count96
\vleftskip=\skip100
\vrightskip=\skip101
\stanzaskip=\skip102
\versewidth=\skip103
\vgap=\skip104
\vindent=\skip105
\vleftmargin=\dimen106
\c@verse=\count97
\c@chrsinstr=\count98
\beforepoemtitleskip=\skip106
\afterpoemtitleskip=\skip107
\c@poem=\count99
\beforePoemTitleskip=\skip108
\midPoemTitleskip=\skip109
\afterPoemTitleskip=\skip110
\col@sep=\dimen107
\extrarowheight=\dimen108
\NC@list=\toks15
\extratabsurround=\skip111
\backup@length=\skip112
\TX@col@width=\dimen109
\TX@old@table=\dimen110
\TX@old@col=\dimen111
\TX@target=\dimen112
\TX@delta=\dimen113
\TX@cols=\count100
\TX@ftn=\toks16
\heavyrulewidth=\dimen114
\lightrulewidth=\dimen115
\cmidrulewidth=\dimen116
\belowrulesep=\dimen117
\belowbottomsep=\dimen118
\aboverulesep=\dimen119
\abovetopsep=\dimen120
\cmidrulesep=\dimen121
\cmidrulekern=\dimen122
\defaultaddspace=\dimen123
\@cmidla=\count101
\@cmidlb=\count102
\@aboverulesep=\dimen124
\@belowrulesep=\dimen125
\@thisruleclass=\count103
\@lastruleclass=\count104
\@thisrulewidth=\dimen126
\ctableftskip=\skip113
\ctabrightskip=\skip114
\abovecolumnspenalty=\count105
\@linestogo=\count106
\@cellstogo=\count107
\@cellsincolumn=\count108
\crtok=\toks17
\@mincolumnwidth=\dimen127
\c@newflo@tctr=\count109
\mem@margin@floatbox=\box26
\@contcwidth=\skip115
\@contindw=\skip116
\abovecaptionskip=\skip117
\belowcaptionskip=\skip118
\subfloattopskip=\skip119
\subfloatcapskip=\skip120
\subfloatcaptopadj=\skip121
\subfloatbottomskip=\skip122
\subfloatlabelskip=\skip123
\subfloatcapmargin=\dimen128
\c@@contsubnum=\count110
\m@mscap@capbox=\box27
\m@mscap@fbox=\box28
\sidecapsep=\dimen129
\sidecapwidth=\dimen130
\m@m@tempdima=\dimen131
\m@mscapraise=\dimen132
\sidecapraise=\dimen133
\m@mscapmainwidth=\dimen134
\m@mscaplkern=\dimen135
\beforeepigraphskip=\skip124
\afterepigraphskip=\skip125
\epigraphwidth=\skip126
\epigraphrule=\skip127
LaTeX Info: Redefining \em on input line 7533.
LaTeX Info: Redefining \emph on input line 7541.
\tocentryskip=\skip128
\tocbaseline=\skip129
\cftparskip=\skip130
\cftbeforebookskip=\skip131
\cftbookindent=\dimen136
\cftbooknumwidth=\dimen137
\cftbeforepartskip=\skip132
\cftpartindent=\skip133
\cftpartnumwidth=\skip134
\cftbeforechapterskip=\skip135
\cftchapterindent=\skip136
\cftchapternumwidth=\skip137
\cftbeforesectionskip=\skip138
\cftsectionindent=\skip139
\cftsectionnumwidth=\skip140
\cftbeforesubsectionskip=\skip141
\cftsubsectionindent=\skip142
\cftsubsectionnumwidth=\skip143
\cftbeforesubsubsectionskip=\skip144
\cftsubsubsectionindent=\skip145
\cftsubsubsectionnumwidth=\skip146
\cftbeforeparagraphskip=\skip147
\cftparagraphindent=\skip148
\cftparagraphnumwidth=\skip149
\cftbeforesubparagraphskip=\skip150
\cftsubparagraphindent=\skip151
\cftsubparagraphnumwidth=\skip152
\prechapterprecisshift=\dimen138
\c@maxsecnumdepth=\count111
\bibindent=\dimen139
\bibitemsep=\skip153
\indexcolsep=\skip154
\indexrule=\skip155
\indexmarkstyle=\toks18
\@indexbox=\insert233
\glossarycolsep=\dimen140
\glossaryrule=\dimen141
\sideparvshift=\skip156
\sideins=\insert232
\sidebartopsep=\skip157
\sidebarhsep=\skip158
\sidebarvsep=\skip159
\sidebarwidth=\skip160
\footmarkwidth=\skip161
\footmarksep=\skip162
\footparindent=\skip163
\footinsdim=\skip164
\footinsv@r=\insert231
\@mpfootinsv@r=\insert230
\m@m@k=\count112
\m@m@h=\dimen142
\m@mipn@skip=\skip165
\sidefootins=\insert229
\sidefootadjust=\skip166
\sidefootheight=\skip167
\sidefoothsep=\skip168
\sidefootvsep=\skip169
\sidefootwidth=\skip170
\m@mdownsf=\skip171
\c@sidefootnote=\count113
\sidefootmarkwidth=\skip172
\sidefootmarksep=\skip173
\sidefootparindent=\skip174
\c@pagenote=\count114
\c@pagenoteshadow=\count115
\mem@pn@lastkern=\skip175
\every@verbatim=\toks19
\afterevery@verbatim=\toks20
\verbatim@line=\toks21
\tab@position=\count116
\verbatim@in@stream=\read1
\verbatimindent=\skip176
\verbatim@out=\write3
\bvboxsep=\skip177
\c@memfbvline=\count117
\c@bvlinectr=\count118
\bvnumlength=\skip178
\fb@frw=\dimen143
\fb@frh=\dimen144
\FrameRule=\dimen145
\FrameSep=\dimen146
\c@cp@cntr=\count119
LaTeX Info: Redefining \: on input line 12050.
LaTeX Info: Redefining \! on input line 12052.
\c@ism@mctr=\count120
\c@xsm@mctr=\count121
\c@csm@mctr=\count122
\c@ksm@mctr=\count123
\c@xksm@mctr=\count124
\c@cksm@mctr=\count125
\c@msm@mctr=\count126
\c@xmsm@mctr=\count127
\c@cmsm@mctr=\count128
\c@bsm@mctr=\count129
\c@workm@mctr=\count130
\c@sheetsequence=\count131
\c@lastsheet=\count132
\c@lastpage=\count133
\c@figure=\count134
\c@lofdepth=\count135
\cftbeforefigureskip=\skip179
\cftfigureindent=\skip180
\cftfigurenumwidth=\skip181
\c@table=\count136
\c@lotdepth=\count137
\cftbeforetableskip=\skip182
\cfttableindent=\skip183
\cfttablenumwidth=\skip184
Package abstract [2008/07/23] emulated by memoir.
Package appendix [2008/07/23] emulated by memoir.
Package array [2008/09/09] emulated by memoir.
Package booktabs [2008/07/23] emulated by memoir.
Package ccaption [2008/07/23] emulated by memoir.
Package changepage [2008/07/23] emulated by memoir.
Package chngcntr [2008/07/23] emulated by memoir.
Package chngpage [2008/07/23] emulated by memoir.
Package crop emulated by memoir.
Package dcolumn [2008/07/23] emulated by memoir.
Package delarray [2008/07/23] emulated by memoir.
Package enumerate [2008/07/23] emulated by memoir.
Package epigraph [2008/07/23] emulated by memoir.
Package ifmtarg [2008/07/23] emulated by memoir.
Package index [2008/07/23] emulated by memoir.
Package makeidx [2008/07/23] emulated by memoir.
Package moreverb [2008/07/23] emulated by memoir.
Package mparhack [2008/07/23] emulated by memoir.
Package needspace [2008/07/23] emulated by memoir.
Package newfile [2008/07/23] emulated by memoir.
Package nextpage [2008/07/23] emulated by memoir.
Package pagenote [2008/07/23] emulated by memoir.
Package parskip [2008/07/23] emulated by memoir.
Package patchcmd [2008/07/23] emulated by memoir.
Package setspace [2008/07/23] emulated by memoir.
Package shortvrb [2008/07/23] emulated by memoir.
Package showidx [2008/07/23] emulated by memoir.
Package tabularx [2008/07/23] emulated by memoir.
Package titleref [2008/07/23] emulated by memoir.
Package titling [2008/07/23] emulated by memoir.
Package tocbibind [2008/07/23] emulated by memoir.
Package tocloft [2008/07/23] emulated by memoir.
Package tocvsec2 [2008/07/23] emulated by memoir.
Package verbatim [2008/07/23] emulated by memoir.
Package verse [2008/07/23] emulated by memoir.

(C:\Users\Sofie\Development\MiKTeX\tex\latex\memoir\mempatch.sty
Package: mempatch 2009/07/24 v6.0f Patches for memoir class v1.6180339
))

******************************************************
Stock height and width: 845.04684pt by 597.50787pt
Top and edge trims: 0pt and 0pt
Page height and width: 845.04684pt by 597.50787pt
Text height and width: 722.5pt by 537pt
Spine and edge margins: 35.99548pt and 23.75896pt
Upper and lower margins: 63.37593pt and 59.17091pt
Headheight and headsep: 0pt and 19.8738pt
Footskip: 14.5pt
Columnsep and columnseprule: 10pt and 0pt
Marginparsep and marginparwidth: 7pt and 9.75896pt
Sidecapsep and sidecapwidth: 7pt and 92pt
Sidebarhsep and sidebarwidth: 7pt and 92pt
Sidebarvsep and sidebartopsep: 14.5pt and 0pt
Sidebarheight: 590.14995pt
Sidefoothsep and sidefootwidth: 7pt and 92pt
Sidefootvsep and sidefootheight: 14.5pt and 590.14995pt
******************************************************

(C:\Users\Sofie\Development\MiKTeX\tex\latex\base\inputenc.sty
Package: inputenc 2008/03/30 v1.1d Input encoding file
\inpenc@prehook=\toks22
\inpenc@posthook=\toks23

(C:\Users\Sofie\Development\MiKTeX\tex\latex\ucs\utf8x.def
File: utf8x.def 2004/10/17 UCS: Input encoding UTF-8
))
(C:\Users\Sofie\Development\MiKTeX\tex\latex\ucs\ucs.sty
Package: ucs 2013/05/11 v2.2 UCS: Unicode input support

(C:\Users\Sofie\Development\MiKTeX\tex\latex\ucs\uni-global.def
File: uni-global.def 2013/05/13 UCS: Unicode global data
)
\uc@secondtry=\count138
\uc@combtoks=\toks24
\uc@combtoksb=\toks25
\uc@temptokena=\toks26
)
(C:\Users\Sofie\Development\MiKTeX\tex\generic\babel\babel.sty
Package: babel 2008/07/08 v3.8m The Babel package

*************************************
* Local config file bblopts.cfg used
*
(C:\Users\Sofie\Development\MiKTeX\tex\latex\00miktex\bblopts.cfg
File: bblopts.cfg 2006/07/31 v1.0 MiKTeX 'babel' configuration
)
(C:\Users\Sofie\Development\MiKTeX\tex\generic\babel\danish.ldf
Language: danish 2009/09/19 v1.3r Danish support from the babel system

(C:\Users\Sofie\Development\MiKTeX\tex\generic\babel\babel.def
File: babel.def 2008/07/08 v3.8m Babel common definitions
\babel@savecnt=\count139
\U@D=\dimen147
)
Package babel Info: Making " an active character on input line 82.
)
(C:\Users\Sofie\Development\MiKTeX\tex\generic\babel\english.ldf
Language: english 2005/03/30 v3.3o English support from the babel system
\l@canadian = a dialect from \language\l@american 
\l@australian = a dialect from \language\l@british 
\l@newzealand = a dialect from \language\l@british 
))
(C:\Users\Sofie\Development\MiKTeX\tex\latex\amsfonts\amssymb.sty
Package: amssymb 2013/01/14 v3.01 AMS font symbols

(C:\Users\Sofie\Development\MiKTeX\tex\latex\amsfonts\amsfonts.sty
Package: amsfonts 2013/01/14 v3.01 Basic AMSFonts support
\@emptytoks=\toks27
\symAMSa=\mathgroup4
\symAMSb=\mathgroup5
LaTeX Font Info:    Overwriting math alphabet `\mathfrak' in version `bold'
(Font)                  U/euf/m/n --> U/euf/b/n on input line 106.
))
(C:\Users\Sofie\Development\MiKTeX\tex\latex\stmaryrd\stmaryrd.sty
Package: stmaryrd 1994/03/03 St Mary's Road symbol package
\symstmry=\mathgroup6
LaTeX Font Info:    Overwriting symbol font `stmry' in version `bold'
(Font)                  U/stmry/m/n --> U/stmry/b/n on input line 89.
)
(C:\Users\Sofie\Development\MiKTeX\tex\latex\amsmath\amsmath.sty
Package: amsmath 2013/01/14 v2.14 AMS math features
\@mathmargin=\skip185

For additional information on amsmath, use the `?' option.
(C:\Users\Sofie\Development\MiKTeX\tex\latex\amsmath\amstext.sty
Package: amstext 2000/06/29 v2.01

(C:\Users\Sofie\Development\MiKTeX\tex\latex\amsmath\amsgen.sty
File: amsgen.sty 1999/11/30 v2.0
\@emptytoks=\toks28
\ex@=\dimen148
))
(C:\Users\Sofie\Development\MiKTeX\tex\latex\amsmath\amsbsy.sty
Package: amsbsy 1999/11/29 v1.2d
\pmbraise@=\dimen149
)
(C:\Users\Sofie\Development\MiKTeX\tex\latex\amsmath\amsopn.sty
Package: amsopn 1999/12/14 v2.01 operator names
)
\inf@bad=\count140
LaTeX Info: Redefining \frac on input line 210.
\uproot@=\count141
\leftroot@=\count142
LaTeX Info: Redefining \overline on input line 306.
\classnum@=\count143
\DOTSCASE@=\count144
LaTeX Info: Redefining \ldots on input line 378.
LaTeX Info: Redefining \dots on input line 381.
LaTeX Info: Redefining \cdots on input line 466.
\Mathstrutbox@=\box29
\strutbox@=\box30
\big@size=\dimen150
LaTeX Font Info:    Redeclaring font encoding OML on input line 566.
LaTeX Font Info:    Redeclaring font encoding OMS on input line 567.
\macc@depth=\count145
\c@MaxMatrixCols=\count146
\dotsspace@=\muskip10
\c@parentequation=\count147
\dspbrk@lvl=\count148
\tag@help=\toks29
\row@=\count149
\column@=\count150
\maxfields@=\count151
\andhelp@=\toks30
\eqnshift@=\dimen151
\alignsep@=\dimen152
\tagshift@=\dimen153
\tagwidth@=\dimen154
\totwidth@=\dimen155
\lineht@=\dimen156
\@envbody=\toks31
\multlinegap=\skip186
\multlinetaggap=\skip187
\mathdisplay@stack=\toks32
LaTeX Info: Redefining \[ on input line 2665.
LaTeX Info: Redefining \] on input line 2666.
)
(C:\Users\Sofie\Development\MiKTeX\tex\latex\amscls\amsthm.sty
Package: amsthm 2004/08/06 v2.20
\thm@style=\toks33
\thm@bodyfont=\toks34
\thm@headfont=\toks35
\thm@notefont=\toks36
\thm@headpunct=\toks37
\thm@preskip=\skip188
\thm@postskip=\skip189
\thm@headsep=\skip190
\dth@everypar=\toks38
)
(C:\Users\Sofie\Development\MiKTeX\tex\latex\graphics\color.sty
Package: color 2005/11/14 v1.0j Standard LaTeX Color (DPC)

(C:\Users\Sofie\Development\MiKTeX\tex\latex\00miktex\color.cfg
File: color.cfg 2007/01/18 v1.5 color configuration of teTeX/TeXLive
)
Package color Info: Driver file: pdftex.def on input line 130.

(C:\Users\Sofie\Development\MiKTeX\tex\latex\pdftex-def\pdftex.def
File: pdftex.def 2011/05/27 v0.06d Graphics/color for pdfTeX

(C:\Users\Sofie\Development\MiKTeX\tex\generic\oberdiek\infwarerr.sty
Package: infwarerr 2010/04/08 v1.3 Providing info/warning/error messages (HO)
)
(C:\Users\Sofie\Development\MiKTeX\tex\generic\oberdiek\ltxcmds.sty
Package: ltxcmds 2011/11/09 v1.22 LaTeX kernel commands for general use (HO)
)
\Gread@gobject=\count152
))
(C:\Users\Sofie\Development\MiKTeX\tex\latex\graphics\graphicx.sty
Package: graphicx 1999/02/16 v1.0f Enhanced LaTeX Graphics (DPC,SPQR)

(C:\Users\Sofie\Development\MiKTeX\tex\latex\graphics\keyval.sty
Package: keyval 1999/03/16 v1.13 key=value parser (DPC)
\KV@toks@=\toks39
)
(C:\Users\Sofie\Development\MiKTeX\tex\latex\graphics\graphics.sty
Package: graphics 2009/02/05 v1.0o Standard LaTeX Graphics (DPC,SPQR)

(C:\Users\Sofie\Development\MiKTeX\tex\latex\graphics\trig.sty
Package: trig 1999/03/16 v1.09 sin cos tan (DPC)
)
(C:\Users\Sofie\Development\MiKTeX\tex\latex\00miktex\graphics.cfg
File: graphics.cfg 2007/01/18 v1.5 graphics configuration of teTeX/TeXLive
)
Package graphics Info: Driver file: pdftex.def on input line 91.
)
\Gin@req@height=\dimen157
\Gin@req@width=\dimen158
)
(C:\Users\Sofie\Development\MiKTeX\tex\latex\pdfpages\pdfpages.sty
Package: pdfpages 2015/06/15 v0.4y Insert pages of external PDF documents (AM)

(C:\Users\Sofie\Development\MiKTeX\tex\latex\base\ifthen.sty
Package: ifthen 2001/05/26 v1.1c Standard LaTeX ifthen package (DPC)
)
(C:\Users\Sofie\Development\MiKTeX\tex\latex\tools\calc.sty
Package: calc 2007/08/22 v4.3 Infix arithmetic (KKT,FJ)
\calc@Acount=\count153
\calc@Bcount=\count154
\calc@Adimen=\dimen159
\calc@Bdimen=\dimen160
\calc@Askip=\skip191
\calc@Bskip=\skip192
LaTeX Info: Redefining \setlength on input line 76.
LaTeX Info: Redefining \addtolength on input line 77.
\calc@Ccount=\count155
\calc@Cskip=\skip193
)
(C:\Users\Sofie\Development\MiKTeX\tex\latex\eso-pic\eso-pic.sty
Package: eso-pic 2013/10/06 v2.0d eso-pic (RN)

(C:\Users\Sofie\Development\MiKTeX\tex\generic\oberdiek\atbegshi.sty
Package: atbegshi 2011/10/05 v1.16 At begin shipout hook (HO)
))
\AM@pagewidth=\dimen161
\AM@pageheight=\dimen162

(C:\Users\Sofie\Development\MiKTeX\tex\latex\pdfpages\pppdftex.def
File: pppdftex.def 2015/06/15 v0.4y Pdfpages driver for pdfTeX (AM)
)
(C:\Users\Sofie\Development\MiKTeX\tex\latex\oberdiek\pdflscape.sty
Package: pdflscape 2008/08/11 v0.10 Display of landscape pages in PDF (HO)

(C:\Users\Sofie\Development\MiKTeX\tex\latex\graphics\lscape.sty
Package: lscape 2000/10/22 v3.01 Landscape Pages (DPC)
)
Package pdflscape Info: Auto-detected driver: pdftex on input line 80.
)
\AM@pagebox=\box31
\AM@toc@title=\toks40
\c@AM@survey=\count156
\AM@templatesizebox=\box32
)
(C:\Users\Sofie\Development\MiKTeX\tex\latex\hyperref\hyperref.sty
Package: hyperref 2012/11/06 v6.83m Hypertext links for LaTeX

(C:\Users\Sofie\Development\MiKTeX\tex\generic\oberdiek\hobsub-hyperref.sty
Package: hobsub-hyperref 2012/04/25 v1.12 Bundle oberdiek, subset hyperref (HO)


(C:\Users\Sofie\Development\MiKTeX\tex\generic\oberdiek\hobsub-generic.sty
Package: hobsub-generic 2012/04/25 v1.12 Bundle oberdiek, subset generic (HO)
Package: hobsub 2012/04/25 v1.12 Construct package bundles (HO)
Package hobsub Info: Skipping package `infwarerr' (already loaded).
Package hobsub Info: Skipping package `ltxcmds' (already loaded).
Package hobsub Info: Skipping package `ifluatex' (already loaded).
Package: ifvtex 2010/03/01 v1.5 Detect VTeX and its facilities (HO)
Package ifvtex Info: VTeX not detected.
Package: intcalc 2007/09/27 v1.1 Expandable calculations with integers (HO)
Package hobsub Info: Skipping package `ifpdf' (already loaded).
Package: etexcmds 2011/02/16 v1.5 Avoid name clashes with e-TeX commands (HO)
Package etexcmds Info: Could not find \expanded.
(etexcmds)             That can mean that you are not using pdfTeX 1.50 or
(etexcmds)             that some package has redefined \expanded.
(etexcmds)             In the latter case, load this package earlier.
Package: kvsetkeys 2012/04/25 v1.16 Key value parser (HO)
Package: kvdefinekeys 2011/04/07 v1.3 Define keys (HO)
Package: pdftexcmds 2011/11/29 v0.20 Utility functions of pdfTeX for LuaTeX (HO
)
Package pdftexcmds Info: LuaTeX not detected.
Package pdftexcmds Info: \pdf@primitive is available.
Package pdftexcmds Info: \pdf@ifprimitive is available.
Package pdftexcmds Info: \pdfdraftmode found.
Package: pdfescape 2011/11/25 v1.13 Implements pdfTeX's escape features (HO)
Package: bigintcalc 2012/04/08 v1.3 Expandable calculations on big integers (HO
)
Package: bitset 2011/01/30 v1.1 Handle bit-vector datatype (HO)
Package: uniquecounter 2011/01/30 v1.2 Provide unlimited unique counter (HO)
)
Package hobsub Info: Skipping package `hobsub' (already loaded).
Package: letltxmacro 2010/09/02 v1.4 Let assignment for LaTeX macros (HO)
Package: hopatch 2011/06/24 v1.1 Wrapper for package hooks (HO)
Package: xcolor-patch 2011/01/30 xcolor patch
Package: atveryend 2011/06/30 v1.8 Hooks at the very end of document (HO)
Package atveryend Info: \enddocument detected (standard20110627).
Package hobsub Info: Skipping package `atbegshi' (already loaded).
Package: refcount 2011/10/16 v3.4 Data extraction from label references (HO)
Package: hycolor 2011/01/30 v1.7 Color options for hyperref/bookmark (HO)
)
(C:\Users\Sofie\Development\MiKTeX\tex\latex\oberdiek\auxhook.sty
Package: auxhook 2011/03/04 v1.3 Hooks for auxiliary files (HO)
)
(C:\Users\Sofie\Development\MiKTeX\tex\latex\oberdiek\kvoptions.sty
Package: kvoptions 2011/06/30 v3.11 Key value format for package options (HO)
)
\@linkdim=\dimen163
\Hy@linkcounter=\count157
\Hy@pagecounter=\count158

(C:\Users\Sofie\Development\MiKTeX\tex\latex\hyperref\pd1enc.def
File: pd1enc.def 2012/11/06 v6.83m Hyperref: PDFDocEncoding definition (HO)
)
\Hy@SavedSpaceFactor=\count159

(C:\Users\Sofie\Development\MiKTeX\tex\latex\00miktex\hyperref.cfg
File: hyperref.cfg 2002/06/06 v1.2 hyperref configuration of TeXLive
)
Package hyperref Info: Option `final' set `true' on input line 4319.
Package hyperref Info: Option `final' set `true' on input line 4319.
Package hyperref Info: Hyper figures OFF on input line 4443.
Package hyperref Info: Link nesting OFF on input line 4448.
Package hyperref Info: Hyper index ON on input line 4451.
Package hyperref Info: Plain pages OFF on input line 4458.
Package hyperref Info: Backreferencing OFF on input line 4463.
Package hyperref Info: Implicit mode ON; LaTeX internals redefined.
Package hyperref Info: Bookmarks ON on input line 4688.
\c@Hy@tempcnt=\count160

(C:\Users\Sofie\Development\MiKTeX\tex\latex\ltxmisc\url.sty
\Urlmuskip=\muskip11
Package: url 2006/04/12  ver 3.3  Verb mode for urls, etc.
)
LaTeX Info: Redefining \url on input line 5041.
\XeTeXLinkMargin=\dimen164
\Fld@menulength=\count161
\Field@Width=\dimen165
\Fld@charsize=\dimen166
Package hyperref Info: Hyper figures OFF on input line 6295.
Package hyperref Info: Link nesting OFF on input line 6300.
Package hyperref Info: Hyper index ON on input line 6303.
Package hyperref Info: backreferencing OFF on input line 6310.
Package hyperref Info: Link coloring OFF on input line 6315.
Package hyperref Info: Link coloring with OCG OFF on input line 6320.
Package hyperref Info: PDF/A mode OFF on input line 6325.
LaTeX Info: Redefining \ref on input line 6365.
LaTeX Info: Redefining \pageref on input line 6369.
\Hy@abspage=\count162
\c@Item=\count163
\c@Hfootnote=\count164
)
(C:\Users\Sofie\Development\MiKTeX\tex\latex\memoir\memhfixc.sty
Package: memhfixc 2013/05/30 v1.17 nameref/hyperref package fixes for memoir cl
ass
\c@memhycontfloat=\count165
\c@Hpagenote=\count166
)

Package hyperref Message: Driver (autodetected): hpdftex.

(C:\Users\Sofie\Development\MiKTeX\tex\latex\hyperref\hpdftex.def
File: hpdftex.def 2012/11/06 v6.83m Hyperref driver for pdfTeX
\Fld@listcount=\count167
\c@bookmark@seq@number=\count168

(C:\Users\Sofie\Development\MiKTeX\tex\latex\oberdiek\rerunfilecheck.sty
Package: rerunfilecheck 2011/04/15 v1.7 Rerun checks for auxiliary files (HO)
Package uniquecounter Info: New unique counter `rerunfilecheck' on input line 2
82.
)
\Hy@SectionHShift=\skip194
)
(C:\Users\Sofie\Development\MiKTeX\tex\latex\tools\multicol.sty
Package: multicol 2011/06/27 v1.7a multicolumn formatting (FMi)
\c@tracingmulticols=\count169
\mult@box=\box33
\multicol@leftmargin=\dimen167
\c@unbalance=\count170
\c@collectmore=\count171
\doublecol@number=\count172
\multicoltolerance=\count173
\multicolpretolerance=\count174
\full@width=\dimen168
\page@free=\dimen169
\premulticols=\dimen170
\postmulticols=\dimen171
\multicolsep=\skip195
\multicolbaselineskip=\skip196
\partial@page=\box34
\last@line=\box35
\mult@rightbox=\box36
\mult@grightbox=\box37
\mult@gfirstbox=\box38
\mult@firstbox=\box39
\@tempa=\box40
\@tempa=\box41
\@tempa=\box42
\@tempa=\box43
\@tempa=\box44
\@tempa=\box45
\@tempa=\box46
\@tempa=\box47
\@tempa=\box48
\@tempa=\box49
\@tempa=\box50
\@tempa=\box51
\@tempa=\box52
\@tempa=\box53
\@tempa=\box54
\@tempa=\box55
\@tempa=\box56
\c@columnbadness=\count175
\c@finalcolumnbadness=\count176
\last@try=\dimen172
\multicolovershoot=\dimen173
\multicolundershoot=\dimen174
\mult@nat@firstbox=\box57
\colbreak@box=\box58
\multicol@sort@counter=\count177
)
(C:\Users\Sofie\Development\MiKTeX\tex\latex\hyphenat\hyphenat.sty
Package: hyphenat 2009/09/02 v2.3c hyphenation utilities
\langwohyphens=\language70
LaTeX Info: Redefining \_ on input line 43.
)
(C:\Users\Sofie\Development\MiKTeX\tex\latex\pgf\frontendlayer\tikz.sty
(C:\Users\Sofie\Development\MiKTeX\tex\latex\pgf\basiclayer\pgf.sty
(C:\Users\Sofie\Development\MiKTeX\tex\latex\pgf\utilities\pgfrcs.sty
(C:\Users\Sofie\Development\MiKTeX\tex\generic\pgf\utilities\pgfutil-common.tex
\pgfutil@everybye=\toks41
)
(C:\Users\Sofie\Development\MiKTeX\tex\generic\pgf\utilities\pgfutil-latex.def
\pgfutil@abb=\box59

(C:\Users\Sofie\Development\MiKTeX\tex\latex\ms\everyshi.sty
Package: everyshi 2001/05/15 v3.00 EveryShipout Package (MS)
))
(C:\Users\Sofie\Development\MiKTeX\tex\generic\pgf\utilities\pgfrcs.code.tex
Package: pgfrcs 2010/10/25 v2.10 (rcs-revision 1.24)
))
Package: pgf 2008/01/15 v2.10 (rcs-revision 1.12)

(C:\Users\Sofie\Development\MiKTeX\tex\latex\pgf\basiclayer\pgfcore.sty
(C:\Users\Sofie\Development\MiKTeX\tex\latex\pgf\systemlayer\pgfsys.sty
(C:\Users\Sofie\Development\MiKTeX\tex\generic\pgf\systemlayer\pgfsys.code.tex
Package: pgfsys 2010/06/30 v2.10 (rcs-revision 1.37)

(C:\Users\Sofie\Development\MiKTeX\tex\generic\pgf\utilities\pgfkeys.code.tex
\pgfkeys@pathtoks=\toks42
\pgfkeys@temptoks=\toks43

(C:\Users\Sofie\Development\MiKTeX\tex\generic\pgf\utilities\pgfkeysfiltered.co
de.tex
\pgfkeys@tmptoks=\toks44
))
\pgf@x=\dimen175
\pgf@y=\dimen176
\pgf@xa=\dimen177
\pgf@ya=\dimen178
\pgf@xb=\dimen179
\pgf@yb=\dimen180
\pgf@xc=\dimen181
\pgf@yc=\dimen182
\w@pgf@writea=\write4
\r@pgf@reada=\read2
\c@pgf@counta=\count178
\c@pgf@countb=\count179
\c@pgf@countc=\count180
\c@pgf@countd=\count181
 (C:\Users\Sofie\Development\MiKTeX\tex\generic\pgf\systemlayer\pgf.cfg
File: pgf.cfg 2008/05/14  (rcs-revision 1.7)
)
Package pgfsys Info: Driver file for pgf: pgfsys-pdftex.def on input line 900.

(C:\Users\Sofie\Development\MiKTeX\tex\generic\pgf\systemlayer\pgfsys-pdftex.de
f
File: pgfsys-pdftex.def 2009/05/22  (rcs-revision 1.26)

(C:\Users\Sofie\Development\MiKTeX\tex\generic\pgf\systemlayer\pgfsys-common-pd
f.def
File: pgfsys-common-pdf.def 2008/05/19  (rcs-revision 1.10)
)))
(C:\Users\Sofie\Development\MiKTeX\tex\generic\pgf\systemlayer\pgfsyssoftpath.c
ode.tex
File: pgfsyssoftpath.code.tex 2008/07/18  (rcs-revision 1.7)
\pgfsyssoftpath@smallbuffer@items=\count182
\pgfsyssoftpath@bigbuffer@items=\count183
)
(C:\Users\Sofie\Development\MiKTeX\tex\generic\pgf\systemlayer\pgfsysprotocol.c
ode.tex
File: pgfsysprotocol.code.tex 2006/10/16  (rcs-revision 1.4)
)) (C:\Users\Sofie\Development\MiKTeX\tex\latex\xcolor\xcolor.sty
Package: xcolor 2007/01/21 v2.11 LaTeX color extensions (UK)

(C:\Users\Sofie\Development\MiKTeX\tex\latex\00miktex\color.cfg
File: color.cfg 2007/01/18 v1.5 color configuration of teTeX/TeXLive
)
Package xcolor Info: Driver file: pdftex.def on input line 225.
LaTeX Info: Redefining \color on input line 702.
Package xcolor Info: Model `cmy' substituted by `cmy0' on input line 1337.
Package xcolor Info: Model `hsb' substituted by `rgb' on input line 1341.
Package xcolor Info: Model `RGB' extended on input line 1353.
Package xcolor Info: Model `HTML' substituted by `rgb' on input line 1355.
Package xcolor Info: Model `Hsb' substituted by `hsb' on input line 1356.
Package xcolor Info: Model `tHsb' substituted by `hsb' on input line 1357.
Package xcolor Info: Model `HSB' substituted by `hsb' on input line 1358.
Package xcolor Info: Model `Gray' substituted by `gray' on input line 1359.
Package xcolor Info: Model `wave' substituted by `hsb' on input line 1360.
)
(C:\Users\Sofie\Development\MiKTeX\tex\generic\pgf\basiclayer\pgfcore.code.tex
Package: pgfcore 2010/04/11 v2.10 (rcs-revision 1.7)

(C:\Users\Sofie\Development\MiKTeX\tex\generic\pgf\math\pgfmath.code.tex
(C:\Users\Sofie\Development\MiKTeX\tex\generic\pgf\math\pgfmathcalc.code.tex
(C:\Users\Sofie\Development\MiKTeX\tex\generic\pgf\math\pgfmathutil.code.tex)
(C:\Users\Sofie\Development\MiKTeX\tex\generic\pgf\math\pgfmathparser.code.tex
\pgfmath@dimen=\dimen183
\pgfmath@count=\count184
\pgfmath@box=\box60
\pgfmath@toks=\toks45
\pgfmath@stack@operand=\toks46
\pgfmath@stack@operation=\toks47
)
(C:\Users\Sofie\Development\MiKTeX\tex\generic\pgf\math\pgfmathfunctions.code.t
ex
(C:\Users\Sofie\Development\MiKTeX\tex\generic\pgf\math\pgfmathfunctions.basic.
code.tex)
(C:\Users\Sofie\Development\MiKTeX\tex\generic\pgf\math\pgfmathfunctions.trigon
ometric.code.tex)
(C:\Users\Sofie\Development\MiKTeX\tex\generic\pgf\math\pgfmathfunctions.random
.code.tex)
(C:\Users\Sofie\Development\MiKTeX\tex\generic\pgf\math\pgfmathfunctions.compar
ison.code.tex)
(C:\Users\Sofie\Development\MiKTeX\tex\generic\pgf\math\pgfmathfunctions.base.c
ode.tex)
(C:\Users\Sofie\Development\MiKTeX\tex\generic\pgf\math\pgfmathfunctions.round.
code.tex)
(C:\Users\Sofie\Development\MiKTeX\tex\generic\pgf\math\pgfmathfunctions.misc.c
ode.tex)))
(C:\Users\Sofie\Development\MiKTeX\tex\generic\pgf\math\pgfmathfloat.code.tex
\c@pgfmathroundto@lastzeros=\count185
))
(C:\Users\Sofie\Development\MiKTeX\tex\generic\pgf\basiclayer\pgfcorepoints.cod
e.tex
File: pgfcorepoints.code.tex 2010/04/09  (rcs-revision 1.20)
\pgf@picminx=\dimen184
\pgf@picmaxx=\dimen185
\pgf@picminy=\dimen186
\pgf@picmaxy=\dimen187
\pgf@pathminx=\dimen188
\pgf@pathmaxx=\dimen189
\pgf@pathminy=\dimen190
\pgf@pathmaxy=\dimen191
\pgf@xx=\dimen192
\pgf@xy=\dimen193
\pgf@yx=\dimen194
\pgf@yy=\dimen195
\pgf@zx=\dimen196
\pgf@zy=\dimen197
)
(C:\Users\Sofie\Development\MiKTeX\tex\generic\pgf\basiclayer\pgfcorepathconstr
uct.code.tex
File: pgfcorepathconstruct.code.tex 2010/08/03  (rcs-revision 1.24)
\pgf@path@lastx=\dimen198
\pgf@path@lasty=\dimen199
)
(C:\Users\Sofie\Development\MiKTeX\tex\generic\pgf\basiclayer\pgfcorepathusage.
code.tex
File: pgfcorepathusage.code.tex 2008/04/22  (rcs-revision 1.12)
\pgf@shorten@end@additional=\dimen200
\pgf@shorten@start@additional=\dimen201
)
(C:\Users\Sofie\Development\MiKTeX\tex\generic\pgf\basiclayer\pgfcorescopes.cod
e.tex
File: pgfcorescopes.code.tex 2010/09/08  (rcs-revision 1.34)
\pgfpic=\box61
\pgf@hbox=\box62
\pgf@layerbox@main=\box63
\pgf@picture@serial@count=\count186
)
(C:\Users\Sofie\Development\MiKTeX\tex\generic\pgf\basiclayer\pgfcoregraphicsta
te.code.tex
File: pgfcoregraphicstate.code.tex 2008/04/22  (rcs-revision 1.9)
\pgflinewidth=\dimen202
)
(C:\Users\Sofie\Development\MiKTeX\tex\generic\pgf\basiclayer\pgfcoretransforma
tions.code.tex
File: pgfcoretransformations.code.tex 2009/06/10  (rcs-revision 1.11)
\pgf@pt@x=\dimen203
\pgf@pt@y=\dimen204
\pgf@pt@temp=\dimen205
)
(C:\Users\Sofie\Development\MiKTeX\tex\generic\pgf\basiclayer\pgfcorequick.code
.tex
File: pgfcorequick.code.tex 2008/10/09  (rcs-revision 1.3)
)
(C:\Users\Sofie\Development\MiKTeX\tex\generic\pgf\basiclayer\pgfcoreobjects.co
de.tex
File: pgfcoreobjects.code.tex 2006/10/11  (rcs-revision 1.2)
)
(C:\Users\Sofie\Development\MiKTeX\tex\generic\pgf\basiclayer\pgfcorepathproces
sing.code.tex
File: pgfcorepathprocessing.code.tex 2008/10/09  (rcs-revision 1.8)
)
(C:\Users\Sofie\Development\MiKTeX\tex\generic\pgf\basiclayer\pgfcorearrows.cod
e.tex
File: pgfcorearrows.code.tex 2008/04/23  (rcs-revision 1.11)
)
(C:\Users\Sofie\Development\MiKTeX\tex\generic\pgf\basiclayer\pgfcoreshade.code
.tex
File: pgfcoreshade.code.tex 2008/11/23  (rcs-revision 1.13)
\pgf@max=\dimen206
\pgf@sys@shading@range@num=\count187
)
(C:\Users\Sofie\Development\MiKTeX\tex\generic\pgf\basiclayer\pgfcoreimage.code
.tex
File: pgfcoreimage.code.tex 2010/03/25  (rcs-revision 1.16)

(C:\Users\Sofie\Development\MiKTeX\tex\generic\pgf\basiclayer\pgfcoreexternal.c
ode.tex
File: pgfcoreexternal.code.tex 2010/09/01  (rcs-revision 1.17)
\pgfexternal@startupbox=\box64
))
(C:\Users\Sofie\Development\MiKTeX\tex\generic\pgf\basiclayer\pgfcorelayers.cod
e.tex
File: pgfcorelayers.code.tex 2010/08/27  (rcs-revision 1.2)
)
(C:\Users\Sofie\Development\MiKTeX\tex\generic\pgf\basiclayer\pgfcoretransparen
cy.code.tex
File: pgfcoretransparency.code.tex 2008/01/17  (rcs-revision 1.2)
)
(C:\Users\Sofie\Development\MiKTeX\tex\generic\pgf\basiclayer\pgfcorepatterns.c
ode.tex
File: pgfcorepatterns.code.tex 2009/07/02  (rcs-revision 1.3)
)))
(C:\Users\Sofie\Development\MiKTeX\tex\generic\pgf\modules\pgfmoduleshapes.code
.tex
File: pgfmoduleshapes.code.tex 2010/09/09  (rcs-revision 1.13)
\pgfnodeparttextbox=\box65
)
(C:\Users\Sofie\Development\MiKTeX\tex\generic\pgf\modules\pgfmoduleplot.code.t
ex
File: pgfmoduleplot.code.tex 2010/10/22  (rcs-revision 1.8)
)
(C:\Users\Sofie\Development\MiKTeX\tex\latex\pgf\compatibility\pgfcomp-version-
0-65.sty
Package: pgfcomp-version-0-65 2007/07/03 v2.10 (rcs-revision 1.7)
\pgf@nodesepstart=\dimen207
\pgf@nodesepend=\dimen208
)
(C:\Users\Sofie\Development\MiKTeX\tex\latex\pgf\compatibility\pgfcomp-version-
1-18.sty
Package: pgfcomp-version-1-18 2007/07/23 v2.10 (rcs-revision 1.1)
))
(C:\Users\Sofie\Development\MiKTeX\tex\latex\pgf\utilities\pgffor.sty
(C:\Users\Sofie\Development\MiKTeX\tex\latex\pgf\utilities\pgfkeys.sty
(C:\Users\Sofie\Development\MiKTeX\tex\generic\pgf\utilities\pgfkeys.code.tex))
(C:\Users\Sofie\Development\MiKTeX\tex\generic\pgf\utilities\pgffor.code.tex
Package: pgffor 2010/03/23 v2.10 (rcs-revision 1.18)
\pgffor@iter=\dimen209
\pgffor@skip=\dimen210
\pgffor@stack=\toks48
\pgffor@toks=\toks49
))
(C:\Users\Sofie\Development\MiKTeX\tex\generic\pgf\frontendlayer\tikz\tikz.code
.tex
Package: tikz 2010/10/13 v2.10 (rcs-revision 1.76)

(C:\Users\Sofie\Development\MiKTeX\tex\generic\pgf\libraries\pgflibraryplothand
lers.code.tex
File: pgflibraryplothandlers.code.tex 2010/05/31 v2.10 (rcs-revision 1.15)
\pgf@plot@mark@count=\count188
\pgfplotmarksize=\dimen211
)
\tikz@lastx=\dimen212
\tikz@lasty=\dimen213
\tikz@lastxsaved=\dimen214
\tikz@lastysaved=\dimen215
\tikzleveldistance=\dimen216
\tikzsiblingdistance=\dimen217
\tikz@figbox=\box66
\tikz@tempbox=\box67
\tikztreelevel=\count189
\tikznumberofchildren=\count190
\tikznumberofcurrentchild=\count191
\tikz@fig@count=\count192

(C:\Users\Sofie\Development\MiKTeX\tex\generic\pgf\modules\pgfmodulematrix.code
.tex
File: pgfmodulematrix.code.tex 2010/08/24  (rcs-revision 1.4)
\pgfmatrixcurrentrow=\count193
\pgfmatrixcurrentcolumn=\count194
\pgf@matrix@numberofcolumns=\count195
)
\tikz@expandcount=\count196

(C:\Users\Sofie\Development\MiKTeX\tex\generic\pgf\frontendlayer\tikz\libraries
\tikzlibrarytopaths.code.tex
File: tikzlibrarytopaths.code.tex 2008/06/17 v2.10 (rcs-revision 1.2)
)))
(C:\Users\Sofie\Development\MiKTeX\tex\latex\todonotes\todonotes.sty
Package: todonotes 2012/07/25 .dtx Todonotes source and documentation.
Package: todonotes 2012/07/25

(C:\Users\Sofie\Development\MiKTeX\tex\latex\xkeyval\xkeyval.sty
Package: xkeyval 2012/10/14 v2.6b package option processing (HA)

(C:\Users\Sofie\Development\MiKTeX\tex\generic\xkeyval\xkeyval.tex
\XKV@toks=\toks50
\XKV@tempa@toks=\toks51
\XKV@depth=\count197
File: xkeyval.tex 2012/10/14 v2.6b key=value parser (HA)
))
(C:\Users\Sofie\Development\MiKTeX\tex\generic\pgf\frontendlayer\tikz\libraries
\tikzlibrarypositioning.code.tex
File: tikzlibrarypositioning.code.tex 2008/10/06 v2.10 (rcs-revision 1.7)
)
\c@@todonotes@numberoftodonotes=\count198
)
\tempboxa=\box68

(C:\Users\Sofie\Development\MiKTeX\tex\generic\pgf\frontendlayer\tikz\libraries
\tikzlibraryarrows.code.tex
File: tikzlibraryarrows.code.tex 2008/01/09 v2.10 (rcs-revision 1.1)

(C:\Users\Sofie\Development\MiKTeX\tex\generic\pgf\libraries\pgflibraryarrows.c
ode.tex
File: pgflibraryarrows.code.tex 2008/10/27 v2.10 (rcs-revision 1.9)
\arrowsize=\dimen218
))
(C:\Users\Sofie\Development\MiKTeX\tex\generic\pgf\frontendlayer\tikz\libraries
\tikzlibrarymatrix.code.tex
File: tikzlibrarymatrix.code.tex 2008/06/18 v2.10 (rcs-revision 1.2)
)
(C:\Users\Sofie\Documents\UNF\CSC\Sanghæfte\page_numbering.tex)
\c@value=\count199
)
\MatCamp2014-sanghaefte@idxfile=\write5

Writing index file MatCamp2014-sanghaefte.idx 
(C:\Users\Sofie\Documents\UNF\CSC\Sanghæfte\MatCamp2014-sanghaefte.aux)
LaTeX Font Info:    Checking defaults for OML/cmm/m/it on input line 11.
LaTeX Font Info:    ... okay on input line 11.
LaTeX Font Info:    Checking defaults for T1/cmr/m/n on input line 11.
LaTeX Font Info:    ... okay on input line 11.
LaTeX Font Info:    Checking defaults for OT1/cmr/m/n on input line 11.
LaTeX Font Info:    ... okay on input line 11.
LaTeX Font Info:    Checking defaults for OMS/cmsy/m/n on input line 11.
LaTeX Font Info:    ... okay on input line 11.
LaTeX Font Info:    Checking defaults for OMX/cmex/m/n on input line 11.
LaTeX Font Info:    ... okay on input line 11.
LaTeX Font Info:    Checking defaults for U/cmr/m/n on input line 11.
LaTeX Font Info:    ... okay on input line 11.
LaTeX Font Info:    Checking defaults for PD1/pdf/m/n on input line 11.
LaTeX Font Info:    ... okay on input line 11.

(C:\Users\Sofie\Development\MiKTeX\tex\latex\ucs\ucsencs.def
File: ucsencs.def 2011/01/21 Fixes to fontencodings LGR, T3
)
(C:\Users\Sofie\Development\MiKTeX\tex\context\base\supp-pdf.mkii
[Loading MPS to PDF converter (version 2006.09.02).]
\scratchcounter=\count200
\scratchdimen=\dimen219
\scratchbox=\box69
\nofMPsegments=\count201
\nofMParguments=\count202
\everyMPshowfont=\toks52
\MPscratchCnt=\count203
\MPscratchDim=\dimen220
\MPnumerator=\count204
\makeMPintoPDFobject=\count205
\everyMPtoPDFconversion=\toks53
)
\AtBeginShipoutBox=\box70
Package hyperref Info: Link coloring OFF on input line 11.
 (C:\Users\Sofie\Development\MiKTeX\tex\latex\hyperref\nameref.sty
Package: nameref 2012/10/27 v2.43 Cross-referencing by name of section

(C:\Users\Sofie\Development\MiKTeX\tex\generic\oberdiek\gettitlestring.sty
Package: gettitlestring 2010/12/03 v1.4 Cleanup title references (HO)
)
\c@section@level=\count206
)
Redoing nameref's sectioning
Redoing nameref's label
LaTeX Info: Redefining \nameref on input line 11.
LaTeX Info: Redefining \ref on input line 11.
LaTeX Info: Redefining \pageref on input line 11.
LaTeX Info: Redefining \nameref on input line 11.
(C:\Users\Sofie\Documents\UNF\CSC\Sanghæfte\MatCamp2014-sanghaefte.out)
(C:\Users\Sofie\Documents\UNF\CSC\Sanghæfte\MatCamp2014-sanghaefte.out)
\@outlinefile=\write6

ABD: EveryShipout initializing macros
<Unflogo.pdf, id=258, 597.23125pt x 845.1575pt>
File: Unflogo.pdf Graphic file (type pdf)
 <use Unflogo.pdf>
Package pdftex.def Info: Unflogo.pdf used on input line 24.
(pdftex.def)             Requested size: 378.22546pt x 292.85432pt.

<MatCamp2014_tekst.pdf, id=260, 597.50829pt x 845.0471pt>
File: MatCamp2014_tekst.pdf Graphic file (type pdf)

<use MatCamp2014_tekst.pdf>
Package pdftex.def Info: MatCamp2014_tekst.pdf used on input line 31.
(pdftex.def)             Requested size: 458.08987pt x 176.69203pt.

(C:\Users\Sofie\Development\MiKTeX\tex\latex\ucs\uni-0.def
File: uni-0.def 2013/05/13 UCS: Unicode data U+0000..U+00FF
) [1

{C:/Users/Sofie/AppData/Local/MiKTeX/2.9/pdftex/config/pdftex.map} <C:/Users/So
fie/Documents/UNF/CSC/Sanghæfte/Unflogo.pdf> <C:/Users/Sofie/Documents/UNF/CSC
/Sanghæfte/MatCamp2014_tekst.pdf>]
LaTeX Font Info:    Try loading font information for U+msa on input line 131.

(C:\Users\Sofie\Development\MiKTeX\tex\latex\amsfonts\umsa.fd
File: umsa.fd 2013/01/14 v3.01 AMS symbols A
)
LaTeX Font Info:    Try loading font information for U+msb on input line 131.

(C:\Users\Sofie\Development\MiKTeX\tex\latex\amsfonts\umsb.fd
File: umsb.fd 2013/01/14 v3.01 AMS symbols B
)
LaTeX Font Info:    Try loading font information for U+stmry on input line 131.


(C:\Users\Sofie\Development\MiKTeX\tex\latex\stmaryrd\ustmry.fd)

Class memoir Warning: The material used in the headers is too large
(14.49998pt) for the given head height (0.0pt), it is recommended to
either increase the head height or redesign the header
(in both cases you will find help in the memoir manual). on input line 184.


Overfull \vbox (14.49998pt too high) has occurred while \output is active []



LaTeX Font Warning: Font shape `U/stmry/b/n' undefined
(Font)              using `U/stmry/m/n' instead on input line 184.

[2]
Overfull \vbox (14.49998pt too high) has occurred while \output is active []


[3]
Overfull \vbox (14.49998pt too high) has occurred while \output is active []


[4]
Overfull \vbox (14.49998pt too high) has occurred while \output is active []


[5] (C:\Users\Sofie\Development\MiKTeX\tex\latex\ucs\uni-32.def
File: uni-32.def 2013/05/13 UCS: Unicode data U+2000..U+20FF
)
Overfull \vbox (14.49998pt too high) has occurred while \output is active []


[6]
Overfull \vbox (14.49998pt too high) has occurred while \output is active []


[7]
Overfull \vbox (14.49998pt too high) has occurred while \output is active []


[8]
Overfull \vbox (14.49998pt too high) has occurred while \output is active []


[9]
Overfull \vbox (14.49998pt too high) has occurred while \output is active []

pdfTeX warning (ext4): destination with the same identifier (name{page.10}) has
 been already used, duplicate ignored
<to be read again> 
                   \relax 
l.906 \newpage
               [10]

Package multicol Warning: Using `1' columns doesn't seem a good idea.
 I therefore use two columns instead on input line 911.


Overfull \vbox (14.49998pt too high) has occurred while \output is active []


[11]
Overfull \vbox (14.49998pt too high) has occurred while \output is active []


[12]
Overfull \hbox (0.99417pt too wide) in paragraph at lines 1096--1097
\OT1/cmr/m/n/12 vek-tor-lek-torin-spek-toren, 
 []


Overfull \vbox (14.49998pt too high) has occurred while \output is active []


[13]
Overfull \vbox (14.49998pt too high) has occurred while \output is active []


[14]
Overfull \vbox (14.49998pt too high) has occurred while \output is active []


[15]
Overfull \vbox (14.49998pt too high) has occurred while \output is active []


[16]
Overfull \vbox (14.49998pt too high) has occurred while \output is active []


[17]
Overfull \vbox (14.49998pt too high) has occurred while \output is active []


[18]
Overfull \vbox (14.49998pt too high) has occurred while \output is active []


[19]
Overfull \vbox (14.49998pt too high) has occurred while \output is active []


[20]
Overfull \vbox (14.49998pt too high) has occurred while \output is active []


[21]
Overfull \vbox (14.49998pt too high) has occurred while \output is active []


[22]
Overfull \vbox (14.49998pt too high) has occurred while \output is active []


[23]
Overfull \vbox (14.49998pt too high) has occurred while \output is active []


[24]
Overfull \vbox (14.49998pt too high) has occurred while \output is active []


[25]
Overfull \vbox (14.49998pt too high) has occurred while \output is active []


[26]

Package hyperref Warning: Token not allowed in a PDF string (PDFDocEncoding):
(hyperref)                removing `math shift' on input line 2313.


Package hyperref Warning: Token not allowed in a PDF string (PDFDocEncoding):
(hyperref)                removing `\lambda' on input line 2313.


Package hyperref Warning: Token not allowed in a PDF string (PDFDocEncoding):
(hyperref)                removing `math shift' on input line 2313.


Overfull \vbox (14.49998pt too high) has occurred while \output is active []


[27]
Overfull \vbox (14.49998pt too high) has occurred while \output is active []


[28]

Package hyperref Warning: Token not allowed in a PDF string (PDFDocEncoding):
(hyperref)                removing `math shift' on input line 2513.


Package hyperref Warning: Token not allowed in a PDF string (PDFDocEncoding):
(hyperref)                removing `\alpha' on input line 2513.


Package hyperref Warning: Token not allowed in a PDF string (PDFDocEncoding):
(hyperref)                removing `\beta' on input line 2513.


Package hyperref Warning: Token not allowed in a PDF string (PDFDocEncoding):
(hyperref)                removing `math shift' on input line 2513.


Underfull \hbox (badness 10000) in paragraph at lines 2556--2558

 []


Overfull \vbox (14.49998pt too high) has occurred while \output is active []


[29]
Overfull \vbox (14.49998pt too high) has occurred while \output is active []


[30]
Overfull \vbox (14.49998pt too high) has occurred while \output is active []


[31]
Overfull \vbox (14.49998pt too high) has occurred while \output is active []


[32]
Overfull \vbox (14.49998pt too high) has occurred while \output is active []


[33]
Overfull \vbox (14.49998pt too high) has occurred while \output is active []


[34]
Overfull \vbox (14.49998pt too high) has occurred while \output is active []


[35]
Overfull \vbox (14.49998pt too high) has occurred while \output is active []


[36]
Overfull \vbox (14.49998pt too high) has occurred while \output is active []


[37]
Overfull \vbox (14.49998pt too high) has occurred while \output is active []


[38]
Overfull \vbox (14.49998pt too high) has occurred while \output is active []


[39]
Overfull \vbox (14.49998pt too high) has occurred while \output is active []


[40]
Overfull \vbox (14.49998pt too high) has occurred while \output is active []


[41]
Overfull \vbox (14.49998pt too high) has occurred while \output is active []


[42]
Overfull \vbox (14.49998pt too high) has occurred while \output is active []


[43]
Overfull \vbox (14.49998pt too high) has occurred while \output is active []


[44]
Overfull \vbox (14.49998pt too high) has occurred while \output is active []


[45]
Overfull \vbox (14.49998pt too high) has occurred while \output is active []


[46]
Overfull \vbox (14.49998pt too high) has occurred while \output is active []


[47]

******************************************************
Stock height and width: 845.04684pt by 597.50787pt
Top and edge trims: 0pt and 0pt
Page height and width: 845.04684pt by 597.50787pt
Text height and width: 592pt by 478pt
Spine and edge margins: 59.73816pt and 59.7616pt
Upper and lower margins: 85.35826pt and 167.68858pt
Headheight and headsep: 0pt and 19.8738pt
Footskip: 14.5pt
Columnsep and columnseprule: 30pt and 0pt
Marginparsep and marginparwidth: 7pt and 45.7616pt
Sidecapsep and sidecapwidth: 7pt and 92pt
Sidebarhsep and sidebarwidth: 7pt and 92pt
Sidebarvsep and sidebartopsep: 14.5pt and 0pt
Sidebarheight: 590.14995pt
Sidefoothsep and sidefootwidth: 7pt and 92pt
Sidefootvsep and sidefootheight: 14.5pt and 590.14995pt
******************************************************

(C:\Users\Sofie\Documents\UNF\CSC\Sanghæfte\MatCamp2014-sanghaefte.ind
[48])

Class memoir Warning: The material used in the headers is too large
(14.49998pt) for the given head height (0.0pt), it is recommended to
either increase the head height or redesign the header
(in both cases you will find help in the memoir manual). on input line 3890.

Package atveryend Info: Empty hook `BeforeClearDocument' on input line 3890.
Package atveryend Info: Empty hook `AfterLastShipout' on input line 3890.
(C:\Users\Sofie\Documents\UNF\CSC\Sanghæfte\MatCamp2014-sanghaefte.aux)
Package atveryend Info: Executing hook `AtVeryEndDocument' on input line 3890.
Package atveryend Info: Executing hook `AtEndAfterFileList' on input line 3890.

Package rerunfilecheck Info: File `MatCamp2014-sanghaefte.out' has not changed.

(rerunfilecheck)             Checksum: F1784B83CC54EFDCF4F602FFDE08FDF8;3217.


LaTeX Font Warning: Some font shapes were not available, defaults substituted.

Package atveryend Info: Empty hook `AtVeryVeryEnd' on input line 3890.
 )
(\end occurred inside a group at level 1)

### simple group (level 1) entered at line 3018 ({)
### bottom level 
Here is how much of TeX's memory you used:
 22980 strings out of 493921
 379049 string characters out of 3144876
 486985 words of memory out of 3000000
 23738 multiletter control sequences out of 15000+200000
 21029 words of font info for 80 fonts, out of 3000000 for 9000
 841 hyphenation exceptions out of 8191
 63i,21n,55p,500b,567s stack positions out of 5000i,500n,10000p,200000b,50000s
<C:/Users/Sofie/Development/MiKTeX/fonts/type1/public/amsfonts/
cm/cmbx12.pfb><C:/Users/Sofie/Development/MiKTeX/fonts/type1/public/amsfonts/cm
/cmmi12.pfb><C:/Users/Sofie/Development/MiKTeX/fonts/type1/public/amsfonts/cm/c
mmi8.pfb><C:/Users/Sofie/Development/MiKTeX/fonts/type1/public/amsfonts/cm/cmr1
0.pfb><C:/Users/Sofie/Development/MiKTeX/fonts/type1/public/amsfonts/cm/cmr12.p
fb><C:/Users/Sofie/Development/MiKTeX/fonts/type1/public/amsfonts/cm/cmr7.pfb><
C:/Users/Sofie/Development/MiKTeX/fonts/type1/public/amsfonts/cm/cmr8.pfb><C:/U
sers/Sofie/Development/MiKTeX/fonts/type1/public/amsfonts/cm/cmsy10.pfb><C:/Use
rs/Sofie/Development/MiKTeX/fonts/type1/public/amsfonts/cm/cmsy8.pfb><C:/Users/
Sofie/Development/MiKTeX/fonts/type1/public/amsfonts/cm/cmti10.pfb><C:/Users/So
fie/Development/MiKTeX/fonts/type1/public/amsfonts/cm/cmti12.pfb><C:/Users/Sofi
e/Development/MiKTeX/fonts/type1/public/amsfonts/cm/cmtt10.pfb><C:/Users/Sofie/
Development/MiKTeX/fonts/type1/public/amsfonts/cm/cmtt12.pfb><C:/Users/Sofie/De
velopment/MiKTeX/fonts/type1/public/amsfonts/symbols/msbm10.pfb><C:/Users/Sofie
/Development/MiKTeX/fonts/type1/urw/helvetic/uhvr8a.pfb>
Output written on MatCamp2014-sanghaefte.pdf (48 pages, 588211 bytes).
PDF statistics:
 3000 PDF objects out of 3580 (max. 8388607)
 2138 named destinations out of 2487 (max. 500000)
 539 words of extra memory for PDF output out of 10000 (max. 10000000)

